<?xml version="1.0" encoding="UTF-8"?>
<testsuite xmlns:xsi="http://www.w3.org/2001/XMLSchema-instance" xsi:noNamespaceSchemaLocation="https://maven.apache.org/surefire/maven-surefire-plugin/xsd/surefire-test-report.xsd" name="hello.ApplicationTest" time="6.618" tests="3" errors="0" skipped="0" failures="3">
  <properties>
[...]
</properties>
  <testcase name="homePage" classname="hello.ApplicationTest" time="0.39">
    <failure message="Response content&#10;Expected: a string containing &quot;Get your greeting&quot;&#10;     but: was &quot;&lt;!DOCTYPE HTML&gt;&#10;&lt;html xmlns:th=&quot;http://www.thymeleaf.org&quot;&gt;&#10;&lt;!-- https://getbootstrap.com/docs/4.1/components/list-group/ --&gt;&#10;&lt;head&gt; &#10;    &lt;title&gt;Customers Management&lt;/title&gt;      &#10;     &lt;meta charset=&quot;utf-8&quot;&gt;&#10;  	 &lt;meta name=&quot;viewport&quot; content=&quot;width=device-width, initial-scale=1&quot;&gt;&#10;  	 &lt;link href= &quot;/bootstrap-4.1.3/bootstrap-4.1.3/dist/css/bootstrap.min.css&quot; rel=&quot;stylesheet&quot;&gt;&#10;&lt;/head&gt;&#10;&lt;body&gt;&#10;    &#10;    &lt;div class=&quot;container&quot;&gt;&#10;    	&lt;div class=&quot;jumbotron&quot;&gt;&#10;    		&lt;h1&gt;Customer Management&lt;/h1&gt;&#10;    	&lt;/div&gt;&#10;    	&lt;div&gt;&#10;    	&lt;ul class=&quot;nav justify-content-end&quot;&gt;&#10;		  &lt;li class=&quot;nav-item&quot;&gt;&#10;		    &lt;a class=&quot;nav-link active&quot; href=&quot;/&quot;&gt;Home&lt;/a&gt;&#10;		  &lt;/li&gt;&#10;		  &lt;li class=&quot;nav-item&quot;&gt;&#10;		    &lt;a class=&quot;nav-link&quot; href=&quot;/empform&quot;&gt;Add customer&lt;/a&gt;&#10;		  &lt;/li&gt;&#10;		  &lt;li class=&quot;nav-item&quot;&gt;&#10;		    &lt;a class=&quot;nav-link&quot; href=&quot;/viewlist&quot;&gt;Customer list&lt;/a&gt;&#10;		  &lt;/li&gt;&#10;		  &lt;li class=&quot;nav-item&quot;&gt;&#10;		    &lt;a class=&quot;nav-link&quot; href=&quot;/registrar&quot;&gt;Diabetes&lt;/a&gt;&#10;		  &lt;/li&gt;&#10;		  &#10;		  &lt;li class=&quot;nav-item&quot;&gt;&#10;		    &lt;a class=&quot;nav-link disabled&quot; href=&quot;#&quot;&gt;Disabled&lt;/a&gt;&#10;		  &lt;/li&gt;&#10;		&lt;/ul&gt;&#10;    	&lt;/div&gt;&#10;    &#10;    &#10;    &lt;div class=&quot;accordion&quot; id=&quot;accordionExample&quot;&gt;&#10;  &lt;div class=&quot;card&quot;&gt;&#10;    &lt;div class=&quot;card-header&quot; id=&quot;headingOne&quot;&gt;&#10;      &lt;h5 class=&quot;mb-0&quot;&gt;&#10;        &lt;button class=&quot;btn btn-link&quot; type=&quot;button&quot; data-toggle=&quot;collapse&quot; data-target=&quot;#collapseOne&quot; aria-expanded=&quot;true&quot; aria-controls=&quot;collapseOne&quot;&gt;&#10;          Collapsible Group Item #1&#10;        &lt;/button&gt;&#10;      &lt;/h5&gt;&#10;    &lt;/div&gt;&#10;&#10;    &lt;div id=&quot;collapseOne&quot; class=&quot;collapse show&quot; aria-labelledby=&quot;headingOne&quot; data-parent=&quot;#accordionExample&quot;&gt;&#10;      &lt;div class=&quot;card-body&quot;&gt;&#10;        Anim pariatur cliche reprehenderit, enim eiusmod high life accusamus terry richardson ad squid. 3 wolf moon officia aute, non cupidatat skateboard dolor brunch. Food truck quinoa nesciunt laborum eiusmod. Brunch 3 wolf moon tempor, sunt aliqua put a bird on it squid single-origin coffee nulla assumenda shoreditch et. Nihil anim keffiyeh helvetica, craft beer labore wes anderson cred nesciunt sapiente ea proident. Ad vegan excepteur butcher vice lomo. Leggings occaecat craft beer farm-to-table, raw denim aesthetic synth nesciunt you probably haven&apos;t heard of them accusamus labore sustainable VHS.&#10;      &lt;/div&gt;&#10;    &lt;/div&gt;&#10;  &lt;/div&gt;&#10;  &lt;div class=&quot;card&quot;&gt;&#10;    &lt;div class=&quot;card-header&quot; id=&quot;headingTwo&quot;&gt;&#10;      &lt;h5 class=&quot;mb-0&quot;&gt;&#10;        &lt;button class=&quot;btn btn-link collapsed&quot; type=&quot;button&quot; data-toggle=&quot;collapse&quot; data-target=&quot;#collapseTwo&quot; aria-expanded=&quot;false&quot; aria-controls=&quot;collapseTwo&quot;&gt;&#10;          Collapsible Group Item #2&#10;        &lt;/button&gt;&#10;      &lt;/h5&gt;&#10;    &lt;/div&gt;&#10;    &lt;div id=&quot;collapseTwo&quot; class=&quot;collapse&quot; aria-labelledby=&quot;headingTwo&quot; data-parent=&quot;#accordionExample&quot;&gt;&#10;      &lt;div class=&quot;card-body&quot;&gt;&#10;        Anim pariatur cliche reprehenderit, enim eiusmod high life accusamus terry richardson ad squid. 3 wolf moon officia aute, non cupidatat skateboard dolor brunch. Food truck quinoa nesciunt laborum eiusmod. Brunch 3 wolf moon tempor, sunt aliqua put a bird on it squid single-origin coffee nulla assumenda shoreditch et. Nihil anim keffiyeh helvetica, craft beer labore wes anderson cred nesciunt sapiente ea proident. Ad vegan excepteur butcher vice lomo. Leggings occaecat craft beer farm-to-table, raw denim aesthetic synth nesciunt you probably haven&apos;t heard of them accusamus labore sustainable VHS.&#10;      &lt;/div&gt;&#10;    &lt;/div&gt;&#10;  &lt;/div&gt;&#10;  &lt;div class=&quot;card&quot;&gt;&#10;    &lt;div class=&quot;card-header&quot; id=&quot;headingThree&quot;&gt;&#10;      &lt;h5 class=&quot;mb-0&quot;&gt;&#10;        &lt;button class=&quot;btn btn-link collapsed&quot; type=&quot;button&quot; data-toggle=&quot;collapse&quot; data-target=&quot;#collapseThree&quot; aria-expanded=&quot;false&quot; aria-controls=&quot;collapseThree&quot;&gt;&#10;          Collapsible Group Item #3&#10;        &lt;/button&gt;&#10;      &lt;/h5&gt;&#10;    &lt;/div&gt;&#10;    &lt;div id=&quot;collapseThree&quot; class=&quot;collapse&quot; aria-labelledby=&quot;headingThree&quot; data-parent=&quot;#accordionExample&quot;&gt;&#10;      &lt;div class=&quot;card-body&quot;&gt;&#10;        Anim pariatur cliche reprehenderit, enim eiusmod high life accusamus terry richardson ad squid. 3 wolf moon officia aute, non cupidatat skateboard dolor brunch. Food truck quinoa nesciunt laborum eiusmod. Brunch 3 wolf moon tempor, sunt aliqua put a bird on it squid single-origin coffee nulla assumenda shoreditch et. Nihil anim keffiyeh helvetica, craft beer labore wes anderson cred nesciunt sapiente ea proident. Ad vegan excepteur butcher vice lomo. Leggings occaecat craft beer farm-to-table, raw denim aesthetic synth nesciunt you probably haven&apos;t heard of them accusamus labore sustainable VHS.&#10;      &lt;/div&gt;&#10;    &lt;/div&gt;&#10;  &lt;/div&gt;&#10;&lt;/div&gt;	&#10;&#10;&lt;!-- Footer --&gt;&#10;&lt;footer class=&quot;page-footer font-small teal pt-4&quot;&gt;&#10;&#10;    &lt;!-- Footer Text --&gt;&#10;    &lt;div class=&quot;container-fluid text-center text-md-left&quot;&gt;&#10;&#10;      &lt;!-- Grid row --&gt;&#10;      &lt;div class=&quot;row&quot;&gt;&#10;&#10;        &lt;!-- Grid column --&gt;&#10;        &lt;div class=&quot;col-md-6 mt-md-0 mt-3&quot;&gt;&#10;&#10;          &lt;!-- Content --&gt;&#10;          &lt;h5 class=&quot;text-uppercase font-weight-bold&quot;&gt;Footer text 1&lt;/h5&gt;&#10;          &lt;p&gt;Lorem ipsum dolor sit, amet consectetur adipisicing elit. Expedita sapiente sint, nulla, nihil repudiandae commodi voluptatibus corrupti animi sequi aliquid magnam debitis, maxime quam recusandae harum esse fugiat. Itaque, culpa?&lt;/p&gt;&#10;&#10;        &lt;/div&gt;&#10;        &lt;!-- Grid column --&gt;&#10;&#10;        &lt;hr class=&quot;clearfix w-100 d-md-none pb-3&quot;&gt;&#10;&#10;        &lt;!-- Grid column --&gt;&#10;        &lt;div class=&quot;col-md-6 mb-md-0 mb-3&quot;&gt;&#10;&#10;          &lt;!-- Content --&gt;&#10;          &lt;h5 class=&quot;text-uppercase font-weight-bold&quot;&gt;Footer text 2&lt;/h5&gt;&#10;          &lt;p&gt;Lorem ipsum, dolor sit amet consectetur adipisicing elit. Optio deserunt fuga perferendis modi earum commodi aperiam temporibus quod nulla nesciunt aliquid debitis ullam omnis quos ipsam, aspernatur id excepturi hic.&lt;/p&gt;&#10;&#10;        &lt;/div&gt;&#10;        &lt;!-- Grid column --&gt;&#10;&#10;      &lt;/div&gt;&#10;      &lt;!-- Grid row --&gt;&#10;&#10;    &lt;/div&gt;&#10;    &lt;!-- Footer Text --&gt;&#10;&#10;    &lt;!-- Copyright --&gt;&#10;    &lt;div class=&quot;footer-copyright text-center py-3&quot;&gt;Â© 2018 Copyright:&#10;      &lt;a href=&quot;https://mdbootstrap.com/bootstrap-tutorial/&quot;&gt; MDBootstrap.com&lt;/a&gt;&#10;    &lt;/div&gt;&#10;    &lt;!-- Copyright --&gt;&#10;&#10;  &lt;/footer&gt;&#10;  &lt;!-- Footer --&gt;&#10;&#10;&#10;&#10;    &lt;/div&gt;&#10;	&lt;script src=&quot;/js/jQuery-3.3.1/jquery-3.3.1.min.js&quot;&gt;&lt;/script&gt;&#10;	&lt;script src=&quot;/bootstrap-4.1.3/bootstrap-4.1.3/dist/js/bootstrap.min.js&quot;&gt;&lt;/script&gt;&#10;&lt;/body&gt;&#10;&lt;/html&gt;&#10;&quot;" type="java.lang.AssertionError"><![CDATA[java.lang.AssertionError: 
Response content
Expected: a string containing "Get your greeting"
     but: was "<!DOCTYPE HTML>
<html xmlns:th="http://www.thymeleaf.org">
<!-- https://getbootstrap.com/docs/4.1/components/list-group/ -->
<head> 
    <title>Customers Management</title>      
     <meta charset="utf-8">
  	 <meta name="viewport" content="width=device-width, initial-scale=1">
  	 <link href= "/bootstrap-4.1.3/bootstrap-4.1.3/dist/css/bootstrap.min.css" rel="stylesheet">
</head>
<body>
    
    <div class="container">
    	<div class="jumbotron">
    		<h1>Customer Management</h1>
    	</div>
    	<div>
    	<ul class="nav justify-content-end">
		  <li class="nav-item">
		    <a class="nav-link active" href="/">Home</a>
		  </li>
		  <li class="nav-item">
		    <a class="nav-link" href="/empform">Add customer</a>
		  </li>
		  <li class="nav-item">
		    <a class="nav-link" href="/viewlist">Customer list</a>
		  </li>
		  <li class="nav-item">
		    <a class="nav-link" href="/registrar">Diabetes</a>
		  </li>
		  
		  <li class="nav-item">
		    <a class="nav-link disabled" href="#">Disabled</a>
		  </li>
		</ul>
    	</div>
    
    
    <div class="accordion" id="accordionExample">
  <div class="card">
    <div class="card-header" id="headingOne">
      <h5 class="mb-0">
        <button class="btn btn-link" type="button" data-toggle="collapse" data-target="#collapseOne" aria-expanded="true" aria-controls="collapseOne">
          Collapsible Group Item #1
        </button>
      </h5>
    </div>

    <div id="collapseOne" class="collapse show" aria-labelledby="headingOne" data-parent="#accordionExample">
      <div class="card-body">
        Anim pariatur cliche reprehenderit, enim eiusmod high life accusamus terry richardson ad squid. 3 wolf moon officia aute, non cupidatat skateboard dolor brunch. Food truck quinoa nesciunt laborum eiusmod. Brunch 3 wolf moon tempor, sunt aliqua put a bird on it squid single-origin coffee nulla assumenda shoreditch et. Nihil anim keffiyeh helvetica, craft beer labore wes anderson cred nesciunt sapiente ea proident. Ad vegan excepteur butcher vice lomo. Leggings occaecat craft beer farm-to-table, raw denim aesthetic synth nesciunt you probably haven't heard of them accusamus labore sustainable VHS.
      </div>
    </div>
  </div>
  <div class="card">
    <div class="card-header" id="headingTwo">
      <h5 class="mb-0">
        <button class="btn btn-link collapsed" type="button" data-toggle="collapse" data-target="#collapseTwo" aria-expanded="false" aria-controls="collapseTwo">
          Collapsible Group Item #2
        </button>
      </h5>
    </div>
    <div id="collapseTwo" class="collapse" aria-labelledby="headingTwo" data-parent="#accordionExample">
      <div class="card-body">
        Anim pariatur cliche reprehenderit, enim eiusmod high life accusamus terry richardson ad squid. 3 wolf moon officia aute, non cupidatat skateboard dolor brunch. Food truck quinoa nesciunt laborum eiusmod. Brunch 3 wolf moon tempor, sunt aliqua put a bird on it squid single-origin coffee nulla assumenda shoreditch et. Nihil anim keffiyeh helvetica, craft beer labore wes anderson cred nesciunt sapiente ea proident. Ad vegan excepteur butcher vice lomo. Leggings occaecat craft beer farm-to-table, raw denim aesthetic synth nesciunt you probably haven't heard of them accusamus labore sustainable VHS.
      </div>
    </div>
  </div>
  <div class="card">
    <div class="card-header" id="headingThree">
      <h5 class="mb-0">
        <button class="btn btn-link collapsed" type="button" data-toggle="collapse" data-target="#collapseThree" aria-expanded="false" aria-controls="collapseThree">
          Collapsible Group Item #3
        </button>
      </h5>
    </div>
    <div id="collapseThree" class="collapse" aria-labelledby="headingThree" data-parent="#accordionExample">
      <div class="card-body">
        Anim pariatur cliche reprehenderit, enim eiusmod high life accusamus terry richardson ad squid. 3 wolf moon officia aute, non cupidatat skateboard dolor brunch. Food truck quinoa nesciunt laborum eiusmod. Brunch 3 wolf moon tempor, sunt aliqua put a bird on it squid single-origin coffee nulla assumenda shoreditch et. Nihil anim keffiyeh helvetica, craft beer labore wes anderson cred nesciunt sapiente ea proident. Ad vegan excepteur butcher vice lomo. Leggings occaecat craft beer farm-to-table, raw denim aesthetic synth nesciunt you probably haven't heard of them accusamus labore sustainable VHS.
      </div>
    </div>
  </div>
</div>	

<!-- Footer -->
<footer class="page-footer font-small teal pt-4">

    <!-- Footer Text -->
    <div class="container-fluid text-center text-md-left">

      <!-- Grid row -->
      <div class="row">

        <!-- Grid column -->
        <div class="col-md-6 mt-md-0 mt-3">

          <!-- Content -->
          <h5 class="text-uppercase font-weight-bold">Footer text 1</h5>
          <p>Lorem ipsum dolor sit, amet consectetur adipisicing elit. Expedita sapiente sint, nulla, nihil repudiandae commodi voluptatibus corrupti animi sequi aliquid magnam debitis, maxime quam recusandae harum esse fugiat. Itaque, culpa?</p>

        </div>
        <!-- Grid column -->

        <hr class="clearfix w-100 d-md-none pb-3">

        <!-- Grid column -->
        <div class="col-md-6 mb-md-0 mb-3">

          <!-- Content -->
          <h5 class="text-uppercase font-weight-bold">Footer text 2</h5>
          <p>Lorem ipsum, dolor sit amet consectetur adipisicing elit. Optio deserunt fuga perferendis modi earum commodi aperiam temporibus quod nulla nesciunt aliquid debitis ullam omnis quos ipsam, aspernatur id excepturi hic.</p>

        </div>
        <!-- Grid column -->

      </div>
      <!-- Grid row -->

    </div>
    <!-- Footer Text -->

    <!-- Copyright -->
    <div class="footer-copyright text-center py-3">Â© 2018 Copyright:
      <a href="https://mdbootstrap.com/bootstrap-tutorial/"> MDBootstrap.com</a>
    </div>
    <!-- Copyright -->

  </footer>
  <!-- Footer -->



    </div>
	<script src="/js/jQuery-3.3.1/jquery-3.3.1.min.js"></script>
	<script src="/bootstrap-4.1.3/bootstrap-4.1.3/dist/js/bootstrap.min.js"></script>
</body>
</html>
"
	at hello.ApplicationTest.homePage(ApplicationTest.java:41)
]]></failure>
    <system-out><![CDATA[17:06:16.306 [main] DEBUG org.springframework.test.context.junit4.SpringJUnit4ClassRunner - SpringJUnit4ClassRunner constructor called with [class hello.ApplicationTest]
17:06:16.319 [main] DEBUG org.springframework.test.context.BootstrapUtils - Instantiating CacheAwareContextLoaderDelegate from class [org.springframework.test.context.cache.DefaultCacheAwareContextLoaderDelegate]
17:06:16.330 [main] DEBUG org.springframework.test.context.BootstrapUtils - Instantiating BootstrapContext using constructor [public org.springframework.test.context.support.DefaultBootstrapContext(java.lang.Class,org.springframework.test.context.CacheAwareContextLoaderDelegate)]
17:06:16.367 [main] DEBUG org.springframework.test.context.BootstrapUtils - Instantiating TestContextBootstrapper for test class [hello.ApplicationTest] from class [org.springframework.boot.test.autoconfigure.web.servlet.WebMvcTestContextBootstrapper]
17:06:16.408 [main] INFO org.springframework.boot.test.autoconfigure.web.servlet.WebMvcTestContextBootstrapper - Neither @ContextConfiguration nor @ContextHierarchy found for test class [hello.ApplicationTest], using SpringBootContextLoader
17:06:16.416 [main] DEBUG org.springframework.test.context.support.AbstractContextLoader - Did not detect default resource location for test class [hello.ApplicationTest]: class path resource [hello/ApplicationTest-context.xml] does not exist
17:06:16.417 [main] DEBUG org.springframework.test.context.support.AbstractContextLoader - Did not detect default resource location for test class [hello.ApplicationTest]: class path resource [hello/ApplicationTestContext.groovy] does not exist
17:06:16.418 [main] INFO org.springframework.test.context.support.AbstractContextLoader - Could not detect default resource locations for test class [hello.ApplicationTest]: no resource found for suffixes {-context.xml, Context.groovy}.
17:06:16.419 [main] INFO org.springframework.test.context.support.AnnotationConfigContextLoaderUtils - Could not detect default configuration classes for test class [hello.ApplicationTest]: ApplicationTest does not declare any static, non-private, non-final, nested classes annotated with @Configuration.
17:06:16.527 [main] DEBUG org.springframework.test.context.support.ActiveProfilesUtils - Could not find an 'annotation declaring class' for annotation type [org.springframework.test.context.ActiveProfiles] and class [hello.ApplicationTest]
17:06:16.538 [main] DEBUG org.springframework.core.env.StandardEnvironment - Adding PropertySource 'systemProperties' with lowest search precedence
17:06:16.538 [main] DEBUG org.springframework.core.env.StandardEnvironment - Adding PropertySource 'systemEnvironment' with lowest search precedence
17:06:16.539 [main] DEBUG org.springframework.core.env.StandardEnvironment - Initialized StandardEnvironment with PropertySources [MapPropertySource@1210898719 {name='systemProperties', properties={java.runtime.name=Java(TM) SE Runtime Environment, sun.boot.library.path=C:\Program Files\Java\jdk1.8.0_171\jre\bin, java.vm.version=25.171-b11, java.vm.vendor=Oracle Corporation, java.vendor.url=http://java.oracle.com/, path.separator=;, java.vm.name=Java HotSpot(TM) 64-Bit Server VM, file.encoding.pkg=sun.io, user.country=US, user.script=, sun.java.launcher=SUN_STANDARD, sun.os.patch.level=, java.vm.specification.name=Java Virtual Machine Specification, user.dir=C:\Users\RICA\Documents\workspace-spring-tool-suite-4-4.0.0.RELEASE\testApp2, java.runtime.version=1.8.0_171-b11, basedir=C:\Users\RICA\Documents\workspace-spring-tool-suite-4-4.0.0.RELEASE\testApp2, java.awt.graphicsenv=sun.awt.Win32GraphicsEnvironment, java.endorsed.dirs=C:\Program Files\Java\jdk1.8.0_171\jre\lib\endorsed, os.arch=amd64, surefire.real.class.path=C:\Users\RICA\AppData\Local\Temp\surefire7737302177045402053\surefirebooter1892632720377827633.jar, java.io.tmpdir=C:\Users\RICA\AppData\Local\Temp\, line.separator=
, java.vm.specification.vendor=Oracle Corporation, user.variant=, os.name=Windows 10, sun.jnu.encoding=Cp1252, java.library.path=C:\Program Files\Java\jdk1.8.0_171\jre\bin;C:\WINDOWS\Sun\Java\bin;C:\WINDOWS\system32;C:\WINDOWS;C:\Program Files (x86)\Common Files\Oracle\Java\javapath;C:\Program Files (x86)\Common Files\Intel\Shared Files\cpp\bin\Intel64;C:\ProgramData\Oracle\Java\javapath;C:\WINDOWS\system32;C:\WINDOWS;C:\WINDOWS\System32\Wbem;C:\WINDOWS\System32\WindowsPowerShell\v1.0\;C:\Program Files\MATLAB\R2016b\runtime\win64;C:\Program Files\MATLAB\R2016b\bin;C:\Program Files\MATLAB\R2013b\runtime\win64;C:\Program Files\MATLAB\R2013b\bin;C:\Program Files\MATLAB\R2013b\polyspace\bin;C:\Users\RICA\.dnx\bin;C:\Program Files\Microsoft DNX\Dnvm\;C:\Program Files\Microsoft SQL Server\120\Tools\Binn\;C:\Program Files\Microsoft SQL Server\130\Tools\Binn\;c:\Program Files (x86)\Microsoft SQL Server\110\Tools\Binn\;c:\Program Files (x86)\Microsoft SQL Server\110\DTS\Binn\;c:\Program Files (x86)\Microsoft SQL Server\110\Tools\Binn\ManagementStudio\;C:\Program Files (x86)\Windows Kits\8.1\Windows Performance Toolkit\;C:\Program Files\MySQL\MySQL Utilities 1.6\;C:\Program Files\MATLAB\R2016b\polyspace\bin;C:\Program Files\nodejs\;C:\Program Files\apache-maven-3.2.5\bin;C:\WINDOWS\System32\OpenSSH\;C:\Program Files\Git\cmd;C:\Program Files\PuTTY\;C:\Users\RICA\scoop\shims;C:\Users\RICA\AppData\Local\Microsoft\WindowsApps;C:\Users\RICA\AppData\Roaming\npm;C:\Program Files\Microsoft VS Code\bin;C:\Program Files\heroku\bin;C:\Program Files\Docker Toolbox;., surefire.test.class.path=C:\Users\RICA\Documents\workspace-spring-tool-suite-4-4.0.0.RELEASE\testApp2\target\test-classes;C:\Users\RICA\Documents\workspace-spring-tool-suite-4-4.0.0.RELEASE\testApp2\target\classes;C:\Users\RICA\.m2\repository\org\springframework\spring-beans\5.0.9.RELEASE\spring-beans-5.0.9.RELEASE.jar;C:\Users\RICA\.m2\repository\org\springframework\spring-core\5.0.9.RELEASE\spring-core-5.0.9.RELEASE.jar;C:\Users\RICA\.m2\repository\org\springframework\spring-jcl\5.0.9.RELEASE\spring-jcl-5.0.9.RELEASE.jar;C:\Users\RICA\.m2\repository\org\json\json\20180130\json-20180130.jar;C:\Users\RICA\.m2\repository\org\springframework\boot\spring-boot-starter-jdbc\2.0.5.RELEASE\spring-boot-starter-jdbc-2.0.5.RELEASE.jar;C:\Users\RICA\.m2\repository\org\springframework\boot\spring-boot-starter\2.0.5.RELEASE\spring-boot-starter-2.0.5.RELEASE.jar;C:\Users\RICA\.m2\repository\org\springframework\boot\spring-boot-starter-logging\2.0.5.RELEASE\spring-boot-starter-logging-2.0.5.RELEASE.jar;C:\Users\RICA\.m2\repository\ch\qos\logback\logback-classic\1.2.3\logback-classic-1.2.3.jar;C:\Users\RICA\.m2\repository\ch\qos\logback\logback-core\1.2.3\logback-core-1.2.3.jar;C:\Users\RICA\.m2\repository\org\apache\logging\log4j\log4j-to-slf4j\2.10.0\log4j-to-slf4j-2.10.0.jar;C:\Users\RICA\.m2\repository\org\apache\logging\log4j\log4j-api\2.10.0\log4j-api-2.10.0.jar;C:\Users\RICA\.m2\repository\org\slf4j\jul-to-slf4j\1.7.25\jul-to-slf4j-1.7.25.jar;C:\Users\RICA\.m2\repository\javax\annotation\javax.annotation-api\1.3.2\javax.annotation-api-1.3.2.jar;C:\Users\RICA\.m2\repository\org\yaml\snakeyaml\1.19\snakeyaml-1.19.jar;C:\Users\RICA\.m2\repository\com\zaxxer\HikariCP\2.7.9\HikariCP-2.7.9.jar;C:\Users\RICA\.m2\repository\org\slf4j\slf4j-api\1.7.25\slf4j-api-1.7.25.jar;C:\Users\RICA\.m2\repository\org\springframework\spring-jdbc\5.0.9.RELEASE\spring-jdbc-5.0.9.RELEASE.jar;C:\Users\RICA\.m2\repository\org\springframework\spring-tx\5.0.9.RELEASE\spring-tx-5.0.9.RELEASE.jar;C:\Users\RICA\.m2\repository\mysql\mysql-connector-java\5.1.47\mysql-connector-java-5.1.47.jar;C:\Users\RICA\.m2\repository\org\springframework\boot\spring-boot-starter-web\2.0.5.RELEASE\spring-boot-starter-web-2.0.5.RELEASE.jar;C:\Users\RICA\.m2\repository\org\springframework\boot\spring-boot-starter-json\2.0.5.RELEASE\spring-boot-starter-json-2.0.5.RELEASE.jar;C:\Users\RICA\.m2\repository\com\fasterxml\jackson\core\jackson-databind\2.9.6\jackson-databind-2.9.6.jar;C:\Users\RICA\.m2\repository\com\fasterxml\jackson\core\jackson-annotations\2.9.0\jackson-annotations-2.9.0.jar;C:\Users\RICA\.m2\repository\com\fasterxml\jackson\core\jackson-core\2.9.6\jackson-core-2.9.6.jar;C:\Users\RICA\.m2\repository\com\fasterxml\jackson\datatype\jackson-datatype-jdk8\2.9.6\jackson-datatype-jdk8-2.9.6.jar;C:\Users\RICA\.m2\repository\com\fasterxml\jackson\datatype\jackson-datatype-jsr310\2.9.6\jackson-datatype-jsr310-2.9.6.jar;C:\Users\RICA\.m2\repository\com\fasterxml\jackson\module\jackson-module-parameter-names\2.9.6\jackson-module-parameter-names-2.9.6.jar;C:\Users\RICA\.m2\repository\org\springframework\boot\spring-boot-starter-tomcat\2.0.5.RELEASE\spring-boot-starter-tomcat-2.0.5.RELEASE.jar;C:\Users\RICA\.m2\repository\org\apache\tomcat\embed\tomcat-embed-core\8.5.34\tomcat-embed-core-8.5.34.jar;C:\Users\RICA\.m2\repository\org\apache\tomcat\embed\tomcat-embed-el\8.5.34\tomcat-embed-el-8.5.34.jar;C:\Users\RICA\.m2\repository\org\apache\tomcat\embed\tomcat-embed-websocket\8.5.34\tomcat-embed-websocket-8.5.34.jar;C:\Users\RICA\.m2\repository\org\hibernate\validator\hibernate-validator\6.0.12.Final\hibernate-validator-6.0.12.Final.jar;C:\Users\RICA\.m2\repository\javax\validation\validation-api\2.0.1.Final\validation-api-2.0.1.Final.jar;C:\Users\RICA\.m2\repository\org\jboss\logging\jboss-logging\3.3.2.Final\jboss-logging-3.3.2.Final.jar;C:\Users\RICA\.m2\repository\com\fasterxml\classmate\1.3.4\classmate-1.3.4.jar;C:\Users\RICA\.m2\repository\org\springframework\spring-web\5.0.9.RELEASE\spring-web-5.0.9.RELEASE.jar;C:\Users\RICA\.m2\repository\org\springframework\spring-webmvc\5.0.9.RELEASE\spring-webmvc-5.0.9.RELEASE.jar;C:\Users\RICA\.m2\repository\org\springframework\spring-aop\5.0.9.RELEASE\spring-aop-5.0.9.RELEASE.jar;C:\Users\RICA\.m2\repository\org\springframework\spring-context\5.0.9.RELEASE\spring-context-5.0.9.RELEASE.jar;C:\Users\RICA\.m2\repository\org\springframework\spring-expression\5.0.9.RELEASE\spring-expression-5.0.9.RELEASE.jar;C:\Users\RICA\.m2\repository\org\springframework\boot\spring-boot-starter-thymeleaf\2.0.5.RELEASE\spring-boot-starter-thymeleaf-2.0.5.RELEASE.jar;C:\Users\RICA\.m2\repository\org\thymeleaf\thymeleaf-spring5\3.0.9.RELEASE\thymeleaf-spring5-3.0.9.RELEASE.jar;C:\Users\RICA\.m2\repository\org\thymeleaf\thymeleaf\3.0.9.RELEASE\thymeleaf-3.0.9.RELEASE.jar;C:\Users\RICA\.m2\repository\org\attoparser\attoparser\2.0.4.RELEASE\attoparser-2.0.4.RELEASE.jar;C:\Users\RICA\.m2\repository\org\unbescape\unbescape\1.1.5.RELEASE\unbescape-1.1.5.RELEASE.jar;C:\Users\RICA\.m2\repository\org\thymeleaf\extras\thymeleaf-extras-java8time\3.0.1.RELEASE\thymeleaf-extras-java8time-3.0.1.RELEASE.jar;C:\Users\RICA\.m2\repository\org\springframework\boot\spring-boot-devtools\2.0.5.RELEASE\spring-boot-devtools-2.0.5.RELEASE.jar;C:\Users\RICA\.m2\repository\org\springframework\boot\spring-boot\2.0.5.RELEASE\spring-boot-2.0.5.RELEASE.jar;C:\Users\RICA\.m2\repository\org\springframework\boot\spring-boot-autoconfigure\2.0.5.RELEASE\spring-boot-autoconfigure-2.0.5.RELEASE.jar;C:\Users\RICA\.m2\repository\org\springframework\boot\spring-boot-starter-test\2.0.5.RELEASE\spring-boot-starter-test-2.0.5.RELEASE.jar;C:\Users\RICA\.m2\repository\org\springframework\boot\spring-boot-test\2.0.5.RELEASE\spring-boot-test-2.0.5.RELEASE.jar;C:\Users\RICA\.m2\repository\org\springframework\boot\spring-boot-test-autoconfigure\2.0.5.RELEASE\spring-boot-test-autoconfigure-2.0.5.RELEASE.jar;C:\Users\RICA\.m2\repository\com\jayway\jsonpath\json-path\2.4.0\json-path-2.4.0.jar;C:\Users\RICA\.m2\repository\net\minidev\json-smart\2.3\json-smart-2.3.jar;C:\Users\RICA\.m2\repository\net\minidev\accessors-smart\1.2\accessors-smart-1.2.jar;C:\Users\RICA\.m2\repository\org\ow2\asm\asm\5.0.4\asm-5.0.4.jar;C:\Users\RICA\.m2\repository\junit\junit\4.12\junit-4.12.jar;C:\Users\RICA\.m2\repository\org\assertj\assertj-core\3.9.1\assertj-core-3.9.1.jar;C:\Users\RICA\.m2\repository\org\mockito\mockito-core\2.15.0\mockito-core-2.15.0.jar;C:\Users\RICA\.m2\repository\net\bytebuddy\byte-buddy\1.7.11\byte-buddy-1.7.11.jar;C:\Users\RICA\.m2\repository\net\bytebuddy\byte-buddy-agent\1.7.11\byte-buddy-agent-1.7.11.jar;C:\Users\RICA\.m2\repository\org\objenesis\objenesis\2.6\objenesis-2.6.jar;C:\Users\RICA\.m2\repository\org\hamcrest\hamcrest-core\1.3\hamcrest-core-1.3.jar;C:\Users\RICA\.m2\repository\org\hamcrest\hamcrest-library\1.3\hamcrest-library-1.3.jar;C:\Users\RICA\.m2\repository\org\skyscreamer\jsonassert\1.5.0\jsonassert-1.5.0.jar;C:\Users\RICA\.m2\repository\com\vaadin\external\google\android-json\0.0.20131108.vaadin1\android-json-0.0.20131108.vaadin1.jar;C:\Users\RICA\.m2\repository\org\springframework\spring-test\5.0.9.RELEASE\spring-test-5.0.9.RELEASE.jar;C:\Users\RICA\.m2\repository\org\xmlunit\xmlunit-core\2.5.1\xmlunit-core-2.5.1.jar;, java.specification.name=Java Platform API Specification, java.class.version=52.0, sun.management.compiler=HotSpot 64-Bit Tiered Compilers, os.version=10.0, user.home=C:\Users\RICA, user.timezone=America/Los_Angeles, java.awt.printerjob=sun.awt.windows.WPrinterJob, file.encoding=Cp1252, java.specification.version=1.8, java.class.path=C:\Users\RICA\Documents\workspace-spring-tool-suite-4-4.0.0.RELEASE\testApp2\target\test-classes;C:\Users\RICA\Documents\workspace-spring-tool-suite-4-4.0.0.RELEASE\testApp2\target\classes;C:\Users\RICA\.m2\repository\org\springframework\spring-beans\5.0.9.RELEASE\spring-beans-5.0.9.RELEASE.jar;C:\Users\RICA\.m2\repository\org\springframework\spring-core\5.0.9.RELEASE\spring-core-5.0.9.RELEASE.jar;C:\Users\RICA\.m2\repository\org\springframework\spring-jcl\5.0.9.RELEASE\spring-jcl-5.0.9.RELEASE.jar;C:\Users\RICA\.m2\repository\org\json\json\20180130\json-20180130.jar;C:\Users\RICA\.m2\repository\org\springframework\boot\spring-boot-starter-jdbc\2.0.5.RELEASE\spring-boot-starter-jdbc-2.0.5.RELEASE.jar;C:\Users\RICA\.m2\repository\org\springframework\boot\spring-boot-starter\2.0.5.RELEASE\spring-boot-starter-2.0.5.RELEASE.jar;C:\Users\RICA\.m2\repository\org\springframework\boot\spring-boot-starter-logging\2.0.5.RELEASE\spring-boot-starter-logging-2.0.5.RELEASE.jar;C:\Users\RICA\.m2\repository\ch\qos\logback\logback-classic\1.2.3\logback-classic-1.2.3.jar;C:\Users\RICA\.m2\repository\ch\qos\logback\logback-core\1.2.3\logback-core-1.2.3.jar;C:\Users\RICA\.m2\repository\org\apache\logging\log4j\log4j-to-slf4j\2.10.0\log4j-to-slf4j-2.10.0.jar;C:\Users\RICA\.m2\repository\org\apache\logging\log4j\log4j-api\2.10.0\log4j-api-2.10.0.jar;C:\Users\RICA\.m2\repository\org\slf4j\jul-to-slf4j\1.7.25\jul-to-slf4j-1.7.25.jar;C:\Users\RICA\.m2\repository\javax\annotation\javax.annotation-api\1.3.2\javax.annotation-api-1.3.2.jar;C:\Users\RICA\.m2\repository\org\yaml\snakeyaml\1.19\snakeyaml-1.19.jar;C:\Users\RICA\.m2\repository\com\zaxxer\HikariCP\2.7.9\HikariCP-2.7.9.jar;C:\Users\RICA\.m2\repository\org\slf4j\slf4j-api\1.7.25\slf4j-api-1.7.25.jar;C:\Users\RICA\.m2\repository\org\springframework\spring-jdbc\5.0.9.RELEASE\spring-jdbc-5.0.9.RELEASE.jar;C:\Users\RICA\.m2\repository\org\springframework\spring-tx\5.0.9.RELEASE\spring-tx-5.0.9.RELEASE.jar;C:\Users\RICA\.m2\repository\mysql\mysql-connector-java\5.1.47\mysql-connector-java-5.1.47.jar;C:\Users\RICA\.m2\repository\org\springframework\boot\spring-boot-starter-web\2.0.5.RELEASE\spring-boot-starter-web-2.0.5.RELEASE.jar;C:\Users\RICA\.m2\repository\org\springframework\boot\spring-boot-starter-json\2.0.5.RELEASE\spring-boot-starter-json-2.0.5.RELEASE.jar;C:\Users\RICA\.m2\repository\com\fasterxml\jackson\core\jackson-databind\2.9.6\jackson-databind-2.9.6.jar;C:\Users\RICA\.m2\repository\com\fasterxml\jackson\core\jackson-annotations\2.9.0\jackson-annotations-2.9.0.jar;C:\Users\RICA\.m2\repository\com\fasterxml\jackson\core\jackson-core\2.9.6\jackson-core-2.9.6.jar;C:\Users\RICA\.m2\repository\com\fasterxml\jackson\datatype\jackson-datatype-jdk8\2.9.6\jackson-datatype-jdk8-2.9.6.jar;C:\Users\RICA\.m2\repository\com\fasterxml\jackson\datatype\jackson-datatype-jsr310\2.9.6\jackson-datatype-jsr310-2.9.6.jar;C:\Users\RICA\.m2\repository\com\fasterxml\jackson\module\jackson-module-parameter-names\2.9.6\jackson-module-parameter-names-2.9.6.jar;C:\Users\RICA\.m2\repository\org\springframework\boot\spring-boot-starter-tomcat\2.0.5.RELEASE\spring-boot-starter-tomcat-2.0.5.RELEASE.jar;C:\Users\RICA\.m2\repository\org\apache\tomcat\embed\tomcat-embed-core\8.5.34\tomcat-embed-core-8.5.34.jar;C:\Users\RICA\.m2\repository\org\apache\tomcat\embed\tomcat-embed-el\8.5.34\tomcat-embed-el-8.5.34.jar;C:\Users\RICA\.m2\repository\org\apache\tomcat\embed\tomcat-embed-websocket\8.5.34\tomcat-embed-websocket-8.5.34.jar;C:\Users\RICA\.m2\repository\org\hibernate\validator\hibernate-validator\6.0.12.Final\hibernate-validator-6.0.12.Final.jar;C:\Users\RICA\.m2\repository\javax\validation\validation-api\2.0.1.Final\validation-api-2.0.1.Final.jar;C:\Users\RICA\.m2\repository\org\jboss\logging\jboss-logging\3.3.2.Final\jboss-logging-3.3.2.Final.jar;C:\Users\RICA\.m2\repository\com\fasterxml\classmate\1.3.4\classmate-1.3.4.jar;C:\Users\RICA\.m2\repository\org\springframework\spring-web\5.0.9.RELEASE\spring-web-5.0.9.RELEASE.jar;C:\Users\RICA\.m2\repository\org\springframework\spring-webmvc\5.0.9.RELEASE\spring-webmvc-5.0.9.RELEASE.jar;C:\Users\RICA\.m2\repository\org\springframework\spring-aop\5.0.9.RELEASE\spring-aop-5.0.9.RELEASE.jar;C:\Users\RICA\.m2\repository\org\springframework\spring-context\5.0.9.RELEASE\spring-context-5.0.9.RELEASE.jar;C:\Users\RICA\.m2\repository\org\springframework\spring-expression\5.0.9.RELEASE\spring-expression-5.0.9.RELEASE.jar;C:\Users\RICA\.m2\repository\org\springframework\boot\spring-boot-starter-thymeleaf\2.0.5.RELEASE\spring-boot-starter-thymeleaf-2.0.5.RELEASE.jar;C:\Users\RICA\.m2\repository\org\thymeleaf\thymeleaf-spring5\3.0.9.RELEASE\thymeleaf-spring5-3.0.9.RELEASE.jar;C:\Users\RICA\.m2\repository\org\thymeleaf\thymeleaf\3.0.9.RELEASE\thymeleaf-3.0.9.RELEASE.jar;C:\Users\RICA\.m2\repository\org\attoparser\attoparser\2.0.4.RELEASE\attoparser-2.0.4.RELEASE.jar;C:\Users\RICA\.m2\repository\org\unbescape\unbescape\1.1.5.RELEASE\unbescape-1.1.5.RELEASE.jar;C:\Users\RICA\.m2\repository\org\thymeleaf\extras\thymeleaf-extras-java8time\3.0.1.RELEASE\thymeleaf-extras-java8time-3.0.1.RELEASE.jar;C:\Users\RICA\.m2\repository\org\springframework\boot\spring-boot-devtools\2.0.5.RELEASE\spring-boot-devtools-2.0.5.RELEASE.jar;C:\Users\RICA\.m2\repository\org\springframework\boot\spring-boot\2.0.5.RELEASE\spring-boot-2.0.5.RELEASE.jar;C:\Users\RICA\.m2\repository\org\springframework\boot\spring-boot-autoconfigure\2.0.5.RELEASE\spring-boot-autoconfigure-2.0.5.RELEASE.jar;C:\Users\RICA\.m2\repository\org\springframework\boot\spring-boot-starter-test\2.0.5.RELEASE\spring-boot-starter-test-2.0.5.RELEASE.jar;C:\Users\RICA\.m2\repository\org\springframework\boot\spring-boot-test\2.0.5.RELEASE\spring-boot-test-2.0.5.RELEASE.jar;C:\Users\RICA\.m2\repository\org\springframework\boot\spring-boot-test-autoconfigure\2.0.5.RELEASE\spring-boot-test-autoconfigure-2.0.5.RELEASE.jar;C:\Users\RICA\.m2\repository\com\jayway\jsonpath\json-path\2.4.0\json-path-2.4.0.jar;C:\Users\RICA\.m2\repository\net\minidev\json-smart\2.3\json-smart-2.3.jar;C:\Users\RICA\.m2\repository\net\minidev\accessors-smart\1.2\accessors-smart-1.2.jar;C:\Users\RICA\.m2\repository\org\ow2\asm\asm\5.0.4\asm-5.0.4.jar;C:\Users\RICA\.m2\repository\junit\junit\4.12\junit-4.12.jar;C:\Users\RICA\.m2\repository\org\assertj\assertj-core\3.9.1\assertj-core-3.9.1.jar;C:\Users\RICA\.m2\repository\org\mockito\mockito-core\2.15.0\mockito-core-2.15.0.jar;C:\Users\RICA\.m2\repository\net\bytebuddy\byte-buddy\1.7.11\byte-buddy-1.7.11.jar;C:\Users\RICA\.m2\repository\net\bytebuddy\byte-buddy-agent\1.7.11\byte-buddy-agent-1.7.11.jar;C:\Users\RICA\.m2\repository\org\objenesis\objenesis\2.6\objenesis-2.6.jar;C:\Users\RICA\.m2\repository\org\hamcrest\hamcrest-core\1.3\hamcrest-core-1.3.jar;C:\Users\RICA\.m2\repository\org\hamcrest\hamcrest-library\1.3\hamcrest-library-1.3.jar;C:\Users\RICA\.m2\repository\org\skyscreamer\jsonassert\1.5.0\jsonassert-1.5.0.jar;C:\Users\RICA\.m2\repository\com\vaadin\external\google\android-json\0.0.20131108.vaadin1\android-json-0.0.20131108.vaadin1.jar;C:\Users\RICA\.m2\repository\org\springframework\spring-test\5.0.9.RELEASE\spring-test-5.0.9.RELEASE.jar;C:\Users\RICA\.m2\repository\org\xmlunit\xmlunit-core\2.5.1\xmlunit-core-2.5.1.jar;, user.name=RICA, java.vm.specification.version=1.8, sun.java.command=C:\Users\RICA\AppData\Local\Temp\surefire7737302177045402053\surefirebooter1892632720377827633.jar C:\Users\RICA\AppData\Local\Temp\surefire7737302177045402053 2019-02-03T17-06-14_225-jvmRun1 surefire5099620965815029932tmp surefire_04201616977925870771tmp, java.home=C:\Program Files\Java\jdk1.8.0_171\jre, sun.arch.data.model=64, user.language=en, java.specification.vendor=Oracle Corporation, awt.toolkit=sun.awt.windows.WToolkit, java.vm.info=mixed mode, java.version=1.8.0_171, java.ext.dirs=C:\Program Files\Java\jdk1.8.0_171\jre\lib\ext;C:\WINDOWS\Sun\Java\lib\ext, sun.boot.class.path=C:\Program Files\Java\jdk1.8.0_171\jre\lib\resources.jar;C:\Program Files\Java\jdk1.8.0_171\jre\lib\rt.jar;C:\Program Files\Java\jdk1.8.0_171\jre\lib\sunrsasign.jar;C:\Program Files\Java\jdk1.8.0_171\jre\lib\jsse.jar;C:\Program Files\Java\jdk1.8.0_171\jre\lib\jce.jar;C:\Program Files\Java\jdk1.8.0_171\jre\lib\charsets.jar;C:\Program Files\Java\jdk1.8.0_171\jre\lib\jfr.jar;C:\Program Files\Java\jdk1.8.0_171\jre\classes, java.vendor=Oracle Corporation, localRepository=C:\Users\RICA\.m2\repository, file.separator=\, java.vendor.url.bug=http://bugreport.sun.com/bugreport/, sun.io.unicode.encoding=UnicodeLittle, sun.cpu.endian=little, sun.desktop=windows, sun.cpu.isalist=amd64}}, SystemEnvironmentPropertySource@306123060 {name='systemEnvironment', properties={PATH=C:\Program Files (x86)\Common Files\Oracle\Java\javapath;C:\Program Files (x86)\Common Files\Intel\Shared Files\cpp\bin\Intel64;C:\ProgramData\Oracle\Java\javapath;C:\WINDOWS\system32;C:\WINDOWS;C:\WINDOWS\System32\Wbem;C:\WINDOWS\System32\WindowsPowerShell\v1.0\;C:\Program Files\MATLAB\R2016b\runtime\win64;C:\Program Files\MATLAB\R2016b\bin;C:\Program Files\MATLAB\R2013b\runtime\win64;C:\Program Files\MATLAB\R2013b\bin;C:\Program Files\MATLAB\R2013b\polyspace\bin;C:\Users\RICA\.dnx\bin;C:\Program Files\Microsoft DNX\Dnvm\;C:\Program Files\Microsoft SQL Server\120\Tools\Binn\;C:\Program Files\Microsoft SQL Server\130\Tools\Binn\;c:\Program Files (x86)\Microsoft SQL Server\110\Tools\Binn\;c:\Program Files (x86)\Microsoft SQL Server\110\DTS\Binn\;c:\Program Files (x86)\Microsoft SQL Server\110\Tools\Binn\ManagementStudio\;C:\Program Files (x86)\Windows Kits\8.1\Windows Performance Toolkit\;C:\Program Files\MySQL\MySQL Utilities 1.6\;C:\Program Files\MATLAB\R2016b\polyspace\bin;C:\Program Files\nodejs\;C:\Program Files\apache-maven-3.2.5\bin;C:\WINDOWS\System32\OpenSSH\;C:\Program Files\Git\cmd;C:\Program Files\PuTTY\;C:\Users\RICA\scoop\shims;C:\Users\RICA\AppData\Local\Microsoft\WindowsApps;C:\Users\RICA\AppData\Roaming\npm;C:\Program Files\Microsoft VS Code\bin;C:\Program Files\heroku\bin;C:\Program Files\Docker Toolbox, USERDOMAIN_ROAMINGPROFILE=RAMO, PROCESSOR_LEVEL=6, SYSTEMDRIVE=C:, VS140COMNTOOLS=C:\Program Files (x86)\Microsoft Visual Studio 14.0\Common7\Tools\, ALLUSERSPROFILE=C:\ProgramData, PROCESSOR_ARCHITECTURE=AMD64, DRIVERDATA=C:\Windows\System32\Drivers\DriverData, MAVEN_HOME=C:\Program Files\apache-maven-3.2.5, PROGRAMFILES=C:\Program Files, PSMODULEPATH=C:\WINDOWS\system32\WindowsPowerShell\v1.0\Modules\;c:\Program Files (x86)\Microsoft SQL Server\110\Tools\PowerShell\Modules\, PROGRAMDATA=C:\ProgramData, USERNAME=RICA, ONEDRIVE=C:\Users\RICA\OneDrive, PATHEXT=.COM;.EXE;.BAT;.CMD;.VBS;.VBE;.JS;.JSE;.WSF;.WSH;.MSC, ONEDRIVECONSUMER=C:\Users\RICA\OneDrive, CLASSWORLDS_JAR="C:\Program Files\apache-maven-3.2.5\bin\..\boot\plexus-classworlds-2.5.2.jar", WINDIR=C:\WINDOWS, HOMEPATH=\Users\RICA, PROCESSOR_IDENTIFIER=Intel64 Family 6 Model 69 Stepping 1, GenuineIntel, M2_HOME=C:\Program Files\apache-maven-3.2.5\bin\.., MAVEN_JAVA_EXE="C:\Program Files\Java\jdk1.8.0_171\bin\java.exe", PUBLIC=C:\Users\Public, C_EM64T_REDIST11=C:\Program Files (x86)\Common Files\Intel\Shared Files\cpp\, LOCALAPPDATA=C:\Users\RICA\AppData\Local, COMMONPROGRAMFILES(X86)=C:\Program Files (x86)\Common Files, USERDOMAIN=RAMO, LOGONSERVER=\\RAMO, JAVA_HOME=C:\Program Files\Java\jdk1.8.0_171, PROMPT=$P$G, PROGRAMFILES(X86)=C:\Program Files (x86), ASL.LOG=Destination=file, ERROR_CODE=0, =C:=C:\Users\RICA\Documents\workspace-spring-tool-suite-4-4.0.0.RELEASE\testApp2, APPDATA=C:\Users\RICA\AppData\Roaming, PROGRAMW6432=C:\Program Files, SYSTEMROOT=C:\WINDOWS, MAVEN_CMD_LINE_ARGS=clean package, VBOX_MSI_INSTALL_PATH=C:\Program Files\Oracle\VirtualBox\, OS=Windows_NT, COMMONPROGRAMW6432=C:\Program Files\Common Files, COMPUTERNAME=RAMO, COMMONPROGRAMFILES=C:\Program Files\Common Files, COMSPEC=C:\WINDOWS\system32\cmd.exe, PROCESSOR_REVISION=4501, CLASSWORLDS_LAUNCHER=org.codehaus.plexus.classworlds.launcher.Launcher, TEMP=C:\Users\RICA\AppData\Local\Temp, HOMEDRIVE=C:, USERPROFILE=C:\Users\RICA, TMP=C:\Users\RICA\AppData\Local\Temp, MYSQLCONNECTOR_ASSEMBLIESPATH=C:\Program Files (x86)\MySQL\Connector.NET 6.9\Assemblies\v4.5, NUMBER_OF_PROCESSORS=4, DOCKER_TOOLBOX_INSTALL_PATH=C:\Program Files\Docker Toolbox, HOME=C:\Users\RICA}}]
17:06:16.583 [main] DEBUG org.springframework.core.io.support.PathMatchingResourcePatternResolver - Resolved classpath location [hello/] to resources [URL [file:/C:/Users/RICA/Documents/workspace-spring-tool-suite-4-4.0.0.RELEASE/testApp2/target/test-classes/hello/], URL [file:/C:/Users/RICA/Documents/workspace-spring-tool-suite-4-4.0.0.RELEASE/testApp2/target/classes/hello/]]
17:06:16.584 [main] DEBUG org.springframework.core.io.support.PathMatchingResourcePatternResolver - Looking for matching resources in directory tree [C:\Users\RICA\Documents\workspace-spring-tool-suite-4-4.0.0.RELEASE\testApp2\target\test-classes\hello]
17:06:16.585 [main] DEBUG org.springframework.core.io.support.PathMatchingResourcePatternResolver - Searching directory [C:\Users\RICA\Documents\workspace-spring-tool-suite-4-4.0.0.RELEASE\testApp2\target\test-classes\hello] for files matching pattern [C:/Users/RICA/Documents/workspace-spring-tool-suite-4-4.0.0.RELEASE/testApp2/target/test-classes/hello/*.class]
17:06:16.595 [main] DEBUG org.springframework.core.io.support.PathMatchingResourcePatternResolver - Looking for matching resources in directory tree [C:\Users\RICA\Documents\workspace-spring-tool-suite-4-4.0.0.RELEASE\testApp2\target\classes\hello]
17:06:16.596 [main] DEBUG org.springframework.core.io.support.PathMatchingResourcePatternResolver - Searching directory [C:\Users\RICA\Documents\workspace-spring-tool-suite-4-4.0.0.RELEASE\testApp2\target\classes\hello] for files matching pattern [C:/Users/RICA/Documents/workspace-spring-tool-suite-4-4.0.0.RELEASE/testApp2/target/classes/hello/*.class]
17:06:16.611 [main] DEBUG org.springframework.core.io.support.PathMatchingResourcePatternResolver - Resolved location pattern [classpath*:hello/*.class] to resources [file [C:\Users\RICA\Documents\workspace-spring-tool-suite-4-4.0.0.RELEASE\testApp2\target\test-classes\hello\ApplicationTest.class], file [C:\Users\RICA\Documents\workspace-spring-tool-suite-4-4.0.0.RELEASE\testApp2\target\classes\hello\Application.class], file [C:\Users\RICA\Documents\workspace-spring-tool-suite-4-4.0.0.RELEASE\testApp2\target\classes\hello\CustomDao$1.class], file [C:\Users\RICA\Documents\workspace-spring-tool-suite-4-4.0.0.RELEASE\testApp2\target\classes\hello\CustomDao$2.class], file [C:\Users\RICA\Documents\workspace-spring-tool-suite-4-4.0.0.RELEASE\testApp2\target\classes\hello\CustomDao.class], file [C:\Users\RICA\Documents\workspace-spring-tool-suite-4-4.0.0.RELEASE\testApp2\target\classes\hello\Customer.class], file [C:\Users\RICA\Documents\workspace-spring-tool-suite-4-4.0.0.RELEASE\testApp2\target\classes\hello\GreetingController.class]]
17:06:16.683 [main] DEBUG org.springframework.context.annotation.ClassPathScanningCandidateComponentProvider - Identified candidate component class: file [C:\Users\RICA\Documents\workspace-spring-tool-suite-4-4.0.0.RELEASE\testApp2\target\classes\hello\Application.class]
17:06:16.699 [main] INFO org.springframework.boot.test.context.SpringBootTestContextBootstrapper - Found @SpringBootConfiguration hello.Application for test class hello.ApplicationTest
17:06:16.702 [main] DEBUG org.springframework.boot.test.autoconfigure.web.servlet.WebMvcTestContextBootstrapper - @TestExecutionListeners is not present for class [hello.ApplicationTest]: using defaults.
17:06:16.703 [main] INFO org.springframework.boot.test.autoconfigure.web.servlet.WebMvcTestContextBootstrapper - Loaded default TestExecutionListener class names from location [META-INF/spring.factories]: [org.springframework.boot.test.mock.mockito.MockitoTestExecutionListener, org.springframework.boot.test.mock.mockito.ResetMocksTestExecutionListener, org.springframework.boot.test.autoconfigure.restdocs.RestDocsTestExecutionListener, org.springframework.boot.test.autoconfigure.web.client.MockRestServiceServerResetTestExecutionListener, org.springframework.boot.test.autoconfigure.web.servlet.MockMvcPrintOnlyOnFailureTestExecutionListener, org.springframework.boot.test.autoconfigure.web.servlet.WebDriverTestExecutionListener, org.springframework.test.context.web.ServletTestExecutionListener, org.springframework.test.context.support.DirtiesContextBeforeModesTestExecutionListener, org.springframework.test.context.support.DependencyInjectionTestExecutionListener, org.springframework.test.context.support.DirtiesContextTestExecutionListener, org.springframework.test.context.transaction.TransactionalTestExecutionListener, org.springframework.test.context.jdbc.SqlScriptsTestExecutionListener]
17:06:16.733 [main] INFO org.springframework.boot.test.autoconfigure.web.servlet.WebMvcTestContextBootstrapper - Using TestExecutionListeners: [org.springframework.test.context.web.ServletTestExecutionListener@4b0b0854, org.springframework.test.context.support.DirtiesContextBeforeModesTestExecutionListener@19bb07ed, org.springframework.boot.test.mock.mockito.MockitoTestExecutionListener@10e41621, org.springframework.boot.test.autoconfigure.SpringBootDependencyInjectionTestExecutionListener@353d0772, org.springframework.test.context.support.DirtiesContextTestExecutionListener@2667f029, org.springframework.test.context.transaction.TransactionalTestExecutionListener@67a20f67, org.springframework.test.context.jdbc.SqlScriptsTestExecutionListener@57c758ac, org.springframework.boot.test.mock.mockito.ResetMocksTestExecutionListener@a9cd3b1, org.springframework.boot.test.autoconfigure.restdocs.RestDocsTestExecutionListener@13e39c73, org.springframework.boot.test.autoconfigure.web.client.MockRestServiceServerResetTestExecutionListener@64cd705f, org.springframework.boot.test.autoconfigure.web.servlet.MockMvcPrintOnlyOnFailureTestExecutionListener@9225652, org.springframework.boot.test.autoconfigure.web.servlet.WebDriverTestExecutionListener@654f0d9c]
17:06:16.736 [main] DEBUG org.springframework.test.annotation.ProfileValueUtils - Retrieved @ProfileValueSourceConfiguration [null] for test class [hello.ApplicationTest]
17:06:16.738 [main] DEBUG org.springframework.test.annotation.ProfileValueUtils - Retrieved ProfileValueSource type [class org.springframework.test.annotation.SystemProfileValueSource] for class [hello.ApplicationTest]
17:06:16.741 [main] DEBUG org.springframework.test.annotation.ProfileValueUtils - Retrieved @ProfileValueSourceConfiguration [null] for test class [hello.ApplicationTest]
17:06:16.741 [main] DEBUG org.springframework.test.annotation.ProfileValueUtils - Retrieved ProfileValueSource type [class org.springframework.test.annotation.SystemProfileValueSource] for class [hello.ApplicationTest]
17:06:16.743 [main] DEBUG org.springframework.test.annotation.ProfileValueUtils - Retrieved @ProfileValueSourceConfiguration [null] for test class [hello.ApplicationTest]
17:06:16.743 [main] DEBUG org.springframework.test.annotation.ProfileValueUtils - Retrieved ProfileValueSource type [class org.springframework.test.annotation.SystemProfileValueSource] for class [hello.ApplicationTest]
17:06:16.750 [main] DEBUG org.springframework.test.context.support.AbstractDirtiesContextTestExecutionListener - Before test class: context [DefaultTestContext@72f926e6 testClass = ApplicationTest, testInstance = [null], testMethod = [null], testException = [null], mergedContextConfiguration = [WebMergedContextConfiguration@3daa422a testClass = ApplicationTest, locations = '{}', classes = '{class hello.Application}', contextInitializerClasses = '[]', activeProfiles = '{}', propertySourceLocations = '{}', propertySourceProperties = '{org.springframework.boot.test.autoconfigure.web.servlet.WebMvcTestContextBootstrapper=true}', contextCustomizers = set[[ImportsContextCustomizer@31c88ec8 key = [org.springframework.boot.autoconfigure.cache.CacheAutoConfiguration, org.springframework.boot.autoconfigure.context.MessageSourceAutoConfiguration, org.springframework.boot.autoconfigure.freemarker.FreeMarkerAutoConfiguration, org.springframework.boot.autoconfigure.groovy.template.GroovyTemplateAutoConfiguration, org.springframework.boot.autoconfigure.gson.GsonAutoConfiguration, org.springframework.boot.autoconfigure.hateoas.HypermediaAutoConfiguration, org.springframework.boot.autoconfigure.http.HttpMessageConvertersAutoConfiguration, org.springframework.boot.autoconfigure.jackson.JacksonAutoConfiguration, org.springframework.boot.autoconfigure.jsonb.JsonbAutoConfiguration, org.springframework.boot.autoconfigure.mustache.MustacheAutoConfiguration, org.springframework.boot.autoconfigure.thymeleaf.ThymeleafAutoConfiguration, org.springframework.boot.autoconfigure.validation.ValidationAutoConfiguration, org.springframework.boot.autoconfigure.web.servlet.error.ErrorMvcAutoConfiguration, org.springframework.boot.autoconfigure.web.servlet.WebMvcAutoConfiguration, org.springframework.boot.test.autoconfigure.web.servlet.MockMvcAutoConfiguration, org.springframework.boot.test.autoconfigure.web.servlet.MockMvcSecurityAutoConfiguration, org.springframework.boot.test.autoconfigure.web.servlet.MockMvcWebClientAutoConfiguration, org.springframework.boot.test.autoconfigure.web.servlet.MockMvcWebDriverAutoConfiguration]], org.springframework.boot.test.context.filter.ExcludeFilterContextCustomizer@33cb5951, org.springframework.boot.test.json.DuplicateJsonObjectContextCustomizerFactory$DuplicateJsonObjectContextCustomizer@4148db48, org.springframework.boot.test.mock.mockito.MockitoContextCustomizer@0, org.springframework.boot.test.autoconfigure.OverrideAutoConfigurationContextCustomizerFactory$DisableAutoConfigurationContextCustomizer@314c508a, org.springframework.boot.test.autoconfigure.filter.TypeExcludeFiltersContextCustomizer@780f7d8a, org.springframework.boot.test.autoconfigure.properties.PropertyMappingContextCustomizer@bd43deae, org.springframework.boot.test.autoconfigure.web.servlet.WebDriverContextCustomizerFactory$Customizer@6279cee3], resourceBasePath = '', contextLoader = 'org.springframework.boot.test.context.SpringBootContextLoader', parent = [null]], attributes = map[[empty]]], class annotated with @DirtiesContext [false] with mode [null].
17:06:16.751 [main] DEBUG org.springframework.test.annotation.ProfileValueUtils - Retrieved @ProfileValueSourceConfiguration [null] for test class [hello.ApplicationTest]
17:06:16.752 [main] DEBUG org.springframework.test.annotation.ProfileValueUtils - Retrieved ProfileValueSource type [class org.springframework.test.annotation.SystemProfileValueSource] for class [hello.ApplicationTest]
17:06:16.760 [main] DEBUG org.springframework.test.context.support.DependencyInjectionTestExecutionListener - Performing dependency injection for test context [[DefaultTestContext@72f926e6 testClass = ApplicationTest, testInstance = hello.ApplicationTest@5119fb47, testMethod = [null], testException = [null], mergedContextConfiguration = [WebMergedContextConfiguration@3daa422a testClass = ApplicationTest, locations = '{}', classes = '{class hello.Application}', contextInitializerClasses = '[]', activeProfiles = '{}', propertySourceLocations = '{}', propertySourceProperties = '{org.springframework.boot.test.autoconfigure.web.servlet.WebMvcTestContextBootstrapper=true}', contextCustomizers = set[[ImportsContextCustomizer@31c88ec8 key = [org.springframework.boot.autoconfigure.cache.CacheAutoConfiguration, org.springframework.boot.autoconfigure.context.MessageSourceAutoConfiguration, org.springframework.boot.autoconfigure.freemarker.FreeMarkerAutoConfiguration, org.springframework.boot.autoconfigure.groovy.template.GroovyTemplateAutoConfiguration, org.springframework.boot.autoconfigure.gson.GsonAutoConfiguration, org.springframework.boot.autoconfigure.hateoas.HypermediaAutoConfiguration, org.springframework.boot.autoconfigure.http.HttpMessageConvertersAutoConfiguration, org.springframework.boot.autoconfigure.jackson.JacksonAutoConfiguration, org.springframework.boot.autoconfigure.jsonb.JsonbAutoConfiguration, org.springframework.boot.autoconfigure.mustache.MustacheAutoConfiguration, org.springframework.boot.autoconfigure.thymeleaf.ThymeleafAutoConfiguration, org.springframework.boot.autoconfigure.validation.ValidationAutoConfiguration, org.springframework.boot.autoconfigure.web.servlet.error.ErrorMvcAutoConfiguration, org.springframework.boot.autoconfigure.web.servlet.WebMvcAutoConfiguration, org.springframework.boot.test.autoconfigure.web.servlet.MockMvcAutoConfiguration, org.springframework.boot.test.autoconfigure.web.servlet.MockMvcSecurityAutoConfiguration, org.springframework.boot.test.autoconfigure.web.servlet.MockMvcWebClientAutoConfiguration, org.springframework.boot.test.autoconfigure.web.servlet.MockMvcWebDriverAutoConfiguration]], org.springframework.boot.test.context.filter.ExcludeFilterContextCustomizer@33cb5951, org.springframework.boot.test.json.DuplicateJsonObjectContextCustomizerFactory$DuplicateJsonObjectContextCustomizer@4148db48, org.springframework.boot.test.mock.mockito.MockitoContextCustomizer@0, org.springframework.boot.test.autoconfigure.OverrideAutoConfigurationContextCustomizerFactory$DisableAutoConfigurationContextCustomizer@314c508a, org.springframework.boot.test.autoconfigure.filter.TypeExcludeFiltersContextCustomizer@780f7d8a, org.springframework.boot.test.autoconfigure.properties.PropertyMappingContextCustomizer@bd43deae, org.springframework.boot.test.autoconfigure.web.servlet.WebDriverContextCustomizerFactory$Customizer@6279cee3], resourceBasePath = '', contextLoader = 'org.springframework.boot.test.context.SpringBootContextLoader', parent = [null]], attributes = map[[empty]]]].
17:06:16.804 [main] DEBUG org.springframework.core.env.StandardEnvironment - Adding PropertySource 'systemProperties' with lowest search precedence
17:06:16.805 [main] DEBUG org.springframework.core.env.StandardEnvironment - Adding PropertySource 'systemEnvironment' with lowest search precedence
17:06:16.806 [main] DEBUG org.springframework.core.env.StandardEnvironment - Initialized StandardEnvironment with PropertySources [MapPropertySource@2131670196 {name='systemProperties', properties={java.runtime.name=Java(TM) SE Runtime Environment, sun.boot.library.path=C:\Program Files\Java\jdk1.8.0_171\jre\bin, java.vm.version=25.171-b11, java.vm.vendor=Oracle Corporation, java.vendor.url=http://java.oracle.com/, path.separator=;, java.vm.name=Java HotSpot(TM) 64-Bit Server VM, file.encoding.pkg=sun.io, user.country=US, user.script=, sun.java.launcher=SUN_STANDARD, sun.os.patch.level=, java.vm.specification.name=Java Virtual Machine Specification, user.dir=C:\Users\RICA\Documents\workspace-spring-tool-suite-4-4.0.0.RELEASE\testApp2, java.runtime.version=1.8.0_171-b11, basedir=C:\Users\RICA\Documents\workspace-spring-tool-suite-4-4.0.0.RELEASE\testApp2, java.awt.graphicsenv=sun.awt.Win32GraphicsEnvironment, java.endorsed.dirs=C:\Program Files\Java\jdk1.8.0_171\jre\lib\endorsed, os.arch=amd64, surefire.real.class.path=C:\Users\RICA\AppData\Local\Temp\surefire7737302177045402053\surefirebooter1892632720377827633.jar, java.io.tmpdir=C:\Users\RICA\AppData\Local\Temp\, line.separator=
, java.vm.specification.vendor=Oracle Corporation, user.variant=, os.name=Windows 10, sun.jnu.encoding=Cp1252, java.library.path=C:\Program Files\Java\jdk1.8.0_171\jre\bin;C:\WINDOWS\Sun\Java\bin;C:\WINDOWS\system32;C:\WINDOWS;C:\Program Files (x86)\Common Files\Oracle\Java\javapath;C:\Program Files (x86)\Common Files\Intel\Shared Files\cpp\bin\Intel64;C:\ProgramData\Oracle\Java\javapath;C:\WINDOWS\system32;C:\WINDOWS;C:\WINDOWS\System32\Wbem;C:\WINDOWS\System32\WindowsPowerShell\v1.0\;C:\Program Files\MATLAB\R2016b\runtime\win64;C:\Program Files\MATLAB\R2016b\bin;C:\Program Files\MATLAB\R2013b\runtime\win64;C:\Program Files\MATLAB\R2013b\bin;C:\Program Files\MATLAB\R2013b\polyspace\bin;C:\Users\RICA\.dnx\bin;C:\Program Files\Microsoft DNX\Dnvm\;C:\Program Files\Microsoft SQL Server\120\Tools\Binn\;C:\Program Files\Microsoft SQL Server\130\Tools\Binn\;c:\Program Files (x86)\Microsoft SQL Server\110\Tools\Binn\;c:\Program Files (x86)\Microsoft SQL Server\110\DTS\Binn\;c:\Program Files (x86)\Microsoft SQL Server\110\Tools\Binn\ManagementStudio\;C:\Program Files (x86)\Windows Kits\8.1\Windows Performance Toolkit\;C:\Program Files\MySQL\MySQL Utilities 1.6\;C:\Program Files\MATLAB\R2016b\polyspace\bin;C:\Program Files\nodejs\;C:\Program Files\apache-maven-3.2.5\bin;C:\WINDOWS\System32\OpenSSH\;C:\Program Files\Git\cmd;C:\Program Files\PuTTY\;C:\Users\RICA\scoop\shims;C:\Users\RICA\AppData\Local\Microsoft\WindowsApps;C:\Users\RICA\AppData\Roaming\npm;C:\Program Files\Microsoft VS Code\bin;C:\Program Files\heroku\bin;C:\Program Files\Docker Toolbox;., surefire.test.class.path=C:\Users\RICA\Documents\workspace-spring-tool-suite-4-4.0.0.RELEASE\testApp2\target\test-classes;C:\Users\RICA\Documents\workspace-spring-tool-suite-4-4.0.0.RELEASE\testApp2\target\classes;C:\Users\RICA\.m2\repository\org\springframework\spring-beans\5.0.9.RELEASE\spring-beans-5.0.9.RELEASE.jar;C:\Users\RICA\.m2\repository\org\springframework\spring-core\5.0.9.RELEASE\spring-core-5.0.9.RELEASE.jar;C:\Users\RICA\.m2\repository\org\springframework\spring-jcl\5.0.9.RELEASE\spring-jcl-5.0.9.RELEASE.jar;C:\Users\RICA\.m2\repository\org\json\json\20180130\json-20180130.jar;C:\Users\RICA\.m2\repository\org\springframework\boot\spring-boot-starter-jdbc\2.0.5.RELEASE\spring-boot-starter-jdbc-2.0.5.RELEASE.jar;C:\Users\RICA\.m2\repository\org\springframework\boot\spring-boot-starter\2.0.5.RELEASE\spring-boot-starter-2.0.5.RELEASE.jar;C:\Users\RICA\.m2\repository\org\springframework\boot\spring-boot-starter-logging\2.0.5.RELEASE\spring-boot-starter-logging-2.0.5.RELEASE.jar;C:\Users\RICA\.m2\repository\ch\qos\logback\logback-classic\1.2.3\logback-classic-1.2.3.jar;C:\Users\RICA\.m2\repository\ch\qos\logback\logback-core\1.2.3\logback-core-1.2.3.jar;C:\Users\RICA\.m2\repository\org\apache\logging\log4j\log4j-to-slf4j\2.10.0\log4j-to-slf4j-2.10.0.jar;C:\Users\RICA\.m2\repository\org\apache\logging\log4j\log4j-api\2.10.0\log4j-api-2.10.0.jar;C:\Users\RICA\.m2\repository\org\slf4j\jul-to-slf4j\1.7.25\jul-to-slf4j-1.7.25.jar;C:\Users\RICA\.m2\repository\javax\annotation\javax.annotation-api\1.3.2\javax.annotation-api-1.3.2.jar;C:\Users\RICA\.m2\repository\org\yaml\snakeyaml\1.19\snakeyaml-1.19.jar;C:\Users\RICA\.m2\repository\com\zaxxer\HikariCP\2.7.9\HikariCP-2.7.9.jar;C:\Users\RICA\.m2\repository\org\slf4j\slf4j-api\1.7.25\slf4j-api-1.7.25.jar;C:\Users\RICA\.m2\repository\org\springframework\spring-jdbc\5.0.9.RELEASE\spring-jdbc-5.0.9.RELEASE.jar;C:\Users\RICA\.m2\repository\org\springframework\spring-tx\5.0.9.RELEASE\spring-tx-5.0.9.RELEASE.jar;C:\Users\RICA\.m2\repository\mysql\mysql-connector-java\5.1.47\mysql-connector-java-5.1.47.jar;C:\Users\RICA\.m2\repository\org\springframework\boot\spring-boot-starter-web\2.0.5.RELEASE\spring-boot-starter-web-2.0.5.RELEASE.jar;C:\Users\RICA\.m2\repository\org\springframework\boot\spring-boot-starter-json\2.0.5.RELEASE\spring-boot-starter-json-2.0.5.RELEASE.jar;C:\Users\RICA\.m2\repository\com\fasterxml\jackson\core\jackson-databind\2.9.6\jackson-databind-2.9.6.jar;C:\Users\RICA\.m2\repository\com\fasterxml\jackson\core\jackson-annotations\2.9.0\jackson-annotations-2.9.0.jar;C:\Users\RICA\.m2\repository\com\fasterxml\jackson\core\jackson-core\2.9.6\jackson-core-2.9.6.jar;C:\Users\RICA\.m2\repository\com\fasterxml\jackson\datatype\jackson-datatype-jdk8\2.9.6\jackson-datatype-jdk8-2.9.6.jar;C:\Users\RICA\.m2\repository\com\fasterxml\jackson\datatype\jackson-datatype-jsr310\2.9.6\jackson-datatype-jsr310-2.9.6.jar;C:\Users\RICA\.m2\repository\com\fasterxml\jackson\module\jackson-module-parameter-names\2.9.6\jackson-module-parameter-names-2.9.6.jar;C:\Users\RICA\.m2\repository\org\springframework\boot\spring-boot-starter-tomcat\2.0.5.RELEASE\spring-boot-starter-tomcat-2.0.5.RELEASE.jar;C:\Users\RICA\.m2\repository\org\apache\tomcat\embed\tomcat-embed-core\8.5.34\tomcat-embed-core-8.5.34.jar;C:\Users\RICA\.m2\repository\org\apache\tomcat\embed\tomcat-embed-el\8.5.34\tomcat-embed-el-8.5.34.jar;C:\Users\RICA\.m2\repository\org\apache\tomcat\embed\tomcat-embed-websocket\8.5.34\tomcat-embed-websocket-8.5.34.jar;C:\Users\RICA\.m2\repository\org\hibernate\validator\hibernate-validator\6.0.12.Final\hibernate-validator-6.0.12.Final.jar;C:\Users\RICA\.m2\repository\javax\validation\validation-api\2.0.1.Final\validation-api-2.0.1.Final.jar;C:\Users\RICA\.m2\repository\org\jboss\logging\jboss-logging\3.3.2.Final\jboss-logging-3.3.2.Final.jar;C:\Users\RICA\.m2\repository\com\fasterxml\classmate\1.3.4\classmate-1.3.4.jar;C:\Users\RICA\.m2\repository\org\springframework\spring-web\5.0.9.RELEASE\spring-web-5.0.9.RELEASE.jar;C:\Users\RICA\.m2\repository\org\springframework\spring-webmvc\5.0.9.RELEASE\spring-webmvc-5.0.9.RELEASE.jar;C:\Users\RICA\.m2\repository\org\springframework\spring-aop\5.0.9.RELEASE\spring-aop-5.0.9.RELEASE.jar;C:\Users\RICA\.m2\repository\org\springframework\spring-context\5.0.9.RELEASE\spring-context-5.0.9.RELEASE.jar;C:\Users\RICA\.m2\repository\org\springframework\spring-expression\5.0.9.RELEASE\spring-expression-5.0.9.RELEASE.jar;C:\Users\RICA\.m2\repository\org\springframework\boot\spring-boot-starter-thymeleaf\2.0.5.RELEASE\spring-boot-starter-thymeleaf-2.0.5.RELEASE.jar;C:\Users\RICA\.m2\repository\org\thymeleaf\thymeleaf-spring5\3.0.9.RELEASE\thymeleaf-spring5-3.0.9.RELEASE.jar;C:\Users\RICA\.m2\repository\org\thymeleaf\thymeleaf\3.0.9.RELEASE\thymeleaf-3.0.9.RELEASE.jar;C:\Users\RICA\.m2\repository\org\attoparser\attoparser\2.0.4.RELEASE\attoparser-2.0.4.RELEASE.jar;C:\Users\RICA\.m2\repository\org\unbescape\unbescape\1.1.5.RELEASE\unbescape-1.1.5.RELEASE.jar;C:\Users\RICA\.m2\repository\org\thymeleaf\extras\thymeleaf-extras-java8time\3.0.1.RELEASE\thymeleaf-extras-java8time-3.0.1.RELEASE.jar;C:\Users\RICA\.m2\repository\org\springframework\boot\spring-boot-devtools\2.0.5.RELEASE\spring-boot-devtools-2.0.5.RELEASE.jar;C:\Users\RICA\.m2\repository\org\springframework\boot\spring-boot\2.0.5.RELEASE\spring-boot-2.0.5.RELEASE.jar;C:\Users\RICA\.m2\repository\org\springframework\boot\spring-boot-autoconfigure\2.0.5.RELEASE\spring-boot-autoconfigure-2.0.5.RELEASE.jar;C:\Users\RICA\.m2\repository\org\springframework\boot\spring-boot-starter-test\2.0.5.RELEASE\spring-boot-starter-test-2.0.5.RELEASE.jar;C:\Users\RICA\.m2\repository\org\springframework\boot\spring-boot-test\2.0.5.RELEASE\spring-boot-test-2.0.5.RELEASE.jar;C:\Users\RICA\.m2\repository\org\springframework\boot\spring-boot-test-autoconfigure\2.0.5.RELEASE\spring-boot-test-autoconfigure-2.0.5.RELEASE.jar;C:\Users\RICA\.m2\repository\com\jayway\jsonpath\json-path\2.4.0\json-path-2.4.0.jar;C:\Users\RICA\.m2\repository\net\minidev\json-smart\2.3\json-smart-2.3.jar;C:\Users\RICA\.m2\repository\net\minidev\accessors-smart\1.2\accessors-smart-1.2.jar;C:\Users\RICA\.m2\repository\org\ow2\asm\asm\5.0.4\asm-5.0.4.jar;C:\Users\RICA\.m2\repository\junit\junit\4.12\junit-4.12.jar;C:\Users\RICA\.m2\repository\org\assertj\assertj-core\3.9.1\assertj-core-3.9.1.jar;C:\Users\RICA\.m2\repository\org\mockito\mockito-core\2.15.0\mockito-core-2.15.0.jar;C:\Users\RICA\.m2\repository\net\bytebuddy\byte-buddy\1.7.11\byte-buddy-1.7.11.jar;C:\Users\RICA\.m2\repository\net\bytebuddy\byte-buddy-agent\1.7.11\byte-buddy-agent-1.7.11.jar;C:\Users\RICA\.m2\repository\org\objenesis\objenesis\2.6\objenesis-2.6.jar;C:\Users\RICA\.m2\repository\org\hamcrest\hamcrest-core\1.3\hamcrest-core-1.3.jar;C:\Users\RICA\.m2\repository\org\hamcrest\hamcrest-library\1.3\hamcrest-library-1.3.jar;C:\Users\RICA\.m2\repository\org\skyscreamer\jsonassert\1.5.0\jsonassert-1.5.0.jar;C:\Users\RICA\.m2\repository\com\vaadin\external\google\android-json\0.0.20131108.vaadin1\android-json-0.0.20131108.vaadin1.jar;C:\Users\RICA\.m2\repository\org\springframework\spring-test\5.0.9.RELEASE\spring-test-5.0.9.RELEASE.jar;C:\Users\RICA\.m2\repository\org\xmlunit\xmlunit-core\2.5.1\xmlunit-core-2.5.1.jar;, java.specification.name=Java Platform API Specification, java.class.version=52.0, sun.management.compiler=HotSpot 64-Bit Tiered Compilers, os.version=10.0, user.home=C:\Users\RICA, user.timezone=America/Los_Angeles, java.awt.printerjob=sun.awt.windows.WPrinterJob, file.encoding=Cp1252, java.specification.version=1.8, java.class.path=C:\Users\RICA\Documents\workspace-spring-tool-suite-4-4.0.0.RELEASE\testApp2\target\test-classes;C:\Users\RICA\Documents\workspace-spring-tool-suite-4-4.0.0.RELEASE\testApp2\target\classes;C:\Users\RICA\.m2\repository\org\springframework\spring-beans\5.0.9.RELEASE\spring-beans-5.0.9.RELEASE.jar;C:\Users\RICA\.m2\repository\org\springframework\spring-core\5.0.9.RELEASE\spring-core-5.0.9.RELEASE.jar;C:\Users\RICA\.m2\repository\org\springframework\spring-jcl\5.0.9.RELEASE\spring-jcl-5.0.9.RELEASE.jar;C:\Users\RICA\.m2\repository\org\json\json\20180130\json-20180130.jar;C:\Users\RICA\.m2\repository\org\springframework\boot\spring-boot-starter-jdbc\2.0.5.RELEASE\spring-boot-starter-jdbc-2.0.5.RELEASE.jar;C:\Users\RICA\.m2\repository\org\springframework\boot\spring-boot-starter\2.0.5.RELEASE\spring-boot-starter-2.0.5.RELEASE.jar;C:\Users\RICA\.m2\repository\org\springframework\boot\spring-boot-starter-logging\2.0.5.RELEASE\spring-boot-starter-logging-2.0.5.RELEASE.jar;C:\Users\RICA\.m2\repository\ch\qos\logback\logback-classic\1.2.3\logback-classic-1.2.3.jar;C:\Users\RICA\.m2\repository\ch\qos\logback\logback-core\1.2.3\logback-core-1.2.3.jar;C:\Users\RICA\.m2\repository\org\apache\logging\log4j\log4j-to-slf4j\2.10.0\log4j-to-slf4j-2.10.0.jar;C:\Users\RICA\.m2\repository\org\apache\logging\log4j\log4j-api\2.10.0\log4j-api-2.10.0.jar;C:\Users\RICA\.m2\repository\org\slf4j\jul-to-slf4j\1.7.25\jul-to-slf4j-1.7.25.jar;C:\Users\RICA\.m2\repository\javax\annotation\javax.annotation-api\1.3.2\javax.annotation-api-1.3.2.jar;C:\Users\RICA\.m2\repository\org\yaml\snakeyaml\1.19\snakeyaml-1.19.jar;C:\Users\RICA\.m2\repository\com\zaxxer\HikariCP\2.7.9\HikariCP-2.7.9.jar;C:\Users\RICA\.m2\repository\org\slf4j\slf4j-api\1.7.25\slf4j-api-1.7.25.jar;C:\Users\RICA\.m2\repository\org\springframework\spring-jdbc\5.0.9.RELEASE\spring-jdbc-5.0.9.RELEASE.jar;C:\Users\RICA\.m2\repository\org\springframework\spring-tx\5.0.9.RELEASE\spring-tx-5.0.9.RELEASE.jar;C:\Users\RICA\.m2\repository\mysql\mysql-connector-java\5.1.47\mysql-connector-java-5.1.47.jar;C:\Users\RICA\.m2\repository\org\springframework\boot\spring-boot-starter-web\2.0.5.RELEASE\spring-boot-starter-web-2.0.5.RELEASE.jar;C:\Users\RICA\.m2\repository\org\springframework\boot\spring-boot-starter-json\2.0.5.RELEASE\spring-boot-starter-json-2.0.5.RELEASE.jar;C:\Users\RICA\.m2\repository\com\fasterxml\jackson\core\jackson-databind\2.9.6\jackson-databind-2.9.6.jar;C:\Users\RICA\.m2\repository\com\fasterxml\jackson\core\jackson-annotations\2.9.0\jackson-annotations-2.9.0.jar;C:\Users\RICA\.m2\repository\com\fasterxml\jackson\core\jackson-core\2.9.6\jackson-core-2.9.6.jar;C:\Users\RICA\.m2\repository\com\fasterxml\jackson\datatype\jackson-datatype-jdk8\2.9.6\jackson-datatype-jdk8-2.9.6.jar;C:\Users\RICA\.m2\repository\com\fasterxml\jackson\datatype\jackson-datatype-jsr310\2.9.6\jackson-datatype-jsr310-2.9.6.jar;C:\Users\RICA\.m2\repository\com\fasterxml\jackson\module\jackson-module-parameter-names\2.9.6\jackson-module-parameter-names-2.9.6.jar;C:\Users\RICA\.m2\repository\org\springframework\boot\spring-boot-starter-tomcat\2.0.5.RELEASE\spring-boot-starter-tomcat-2.0.5.RELEASE.jar;C:\Users\RICA\.m2\repository\org\apache\tomcat\embed\tomcat-embed-core\8.5.34\tomcat-embed-core-8.5.34.jar;C:\Users\RICA\.m2\repository\org\apache\tomcat\embed\tomcat-embed-el\8.5.34\tomcat-embed-el-8.5.34.jar;C:\Users\RICA\.m2\repository\org\apache\tomcat\embed\tomcat-embed-websocket\8.5.34\tomcat-embed-websocket-8.5.34.jar;C:\Users\RICA\.m2\repository\org\hibernate\validator\hibernate-validator\6.0.12.Final\hibernate-validator-6.0.12.Final.jar;C:\Users\RICA\.m2\repository\javax\validation\validation-api\2.0.1.Final\validation-api-2.0.1.Final.jar;C:\Users\RICA\.m2\repository\org\jboss\logging\jboss-logging\3.3.2.Final\jboss-logging-3.3.2.Final.jar;C:\Users\RICA\.m2\repository\com\fasterxml\classmate\1.3.4\classmate-1.3.4.jar;C:\Users\RICA\.m2\repository\org\springframework\spring-web\5.0.9.RELEASE\spring-web-5.0.9.RELEASE.jar;C:\Users\RICA\.m2\repository\org\springframework\spring-webmvc\5.0.9.RELEASE\spring-webmvc-5.0.9.RELEASE.jar;C:\Users\RICA\.m2\repository\org\springframework\spring-aop\5.0.9.RELEASE\spring-aop-5.0.9.RELEASE.jar;C:\Users\RICA\.m2\repository\org\springframework\spring-context\5.0.9.RELEASE\spring-context-5.0.9.RELEASE.jar;C:\Users\RICA\.m2\repository\org\springframework\spring-expression\5.0.9.RELEASE\spring-expression-5.0.9.RELEASE.jar;C:\Users\RICA\.m2\repository\org\springframework\boot\spring-boot-starter-thymeleaf\2.0.5.RELEASE\spring-boot-starter-thymeleaf-2.0.5.RELEASE.jar;C:\Users\RICA\.m2\repository\org\thymeleaf\thymeleaf-spring5\3.0.9.RELEASE\thymeleaf-spring5-3.0.9.RELEASE.jar;C:\Users\RICA\.m2\repository\org\thymeleaf\thymeleaf\3.0.9.RELEASE\thymeleaf-3.0.9.RELEASE.jar;C:\Users\RICA\.m2\repository\org\attoparser\attoparser\2.0.4.RELEASE\attoparser-2.0.4.RELEASE.jar;C:\Users\RICA\.m2\repository\org\unbescape\unbescape\1.1.5.RELEASE\unbescape-1.1.5.RELEASE.jar;C:\Users\RICA\.m2\repository\org\thymeleaf\extras\thymeleaf-extras-java8time\3.0.1.RELEASE\thymeleaf-extras-java8time-3.0.1.RELEASE.jar;C:\Users\RICA\.m2\repository\org\springframework\boot\spring-boot-devtools\2.0.5.RELEASE\spring-boot-devtools-2.0.5.RELEASE.jar;C:\Users\RICA\.m2\repository\org\springframework\boot\spring-boot\2.0.5.RELEASE\spring-boot-2.0.5.RELEASE.jar;C:\Users\RICA\.m2\repository\org\springframework\boot\spring-boot-autoconfigure\2.0.5.RELEASE\spring-boot-autoconfigure-2.0.5.RELEASE.jar;C:\Users\RICA\.m2\repository\org\springframework\boot\spring-boot-starter-test\2.0.5.RELEASE\spring-boot-starter-test-2.0.5.RELEASE.jar;C:\Users\RICA\.m2\repository\org\springframework\boot\spring-boot-test\2.0.5.RELEASE\spring-boot-test-2.0.5.RELEASE.jar;C:\Users\RICA\.m2\repository\org\springframework\boot\spring-boot-test-autoconfigure\2.0.5.RELEASE\spring-boot-test-autoconfigure-2.0.5.RELEASE.jar;C:\Users\RICA\.m2\repository\com\jayway\jsonpath\json-path\2.4.0\json-path-2.4.0.jar;C:\Users\RICA\.m2\repository\net\minidev\json-smart\2.3\json-smart-2.3.jar;C:\Users\RICA\.m2\repository\net\minidev\accessors-smart\1.2\accessors-smart-1.2.jar;C:\Users\RICA\.m2\repository\org\ow2\asm\asm\5.0.4\asm-5.0.4.jar;C:\Users\RICA\.m2\repository\junit\junit\4.12\junit-4.12.jar;C:\Users\RICA\.m2\repository\org\assertj\assertj-core\3.9.1\assertj-core-3.9.1.jar;C:\Users\RICA\.m2\repository\org\mockito\mockito-core\2.15.0\mockito-core-2.15.0.jar;C:\Users\RICA\.m2\repository\net\bytebuddy\byte-buddy\1.7.11\byte-buddy-1.7.11.jar;C:\Users\RICA\.m2\repository\net\bytebuddy\byte-buddy-agent\1.7.11\byte-buddy-agent-1.7.11.jar;C:\Users\RICA\.m2\repository\org\objenesis\objenesis\2.6\objenesis-2.6.jar;C:\Users\RICA\.m2\repository\org\hamcrest\hamcrest-core\1.3\hamcrest-core-1.3.jar;C:\Users\RICA\.m2\repository\org\hamcrest\hamcrest-library\1.3\hamcrest-library-1.3.jar;C:\Users\RICA\.m2\repository\org\skyscreamer\jsonassert\1.5.0\jsonassert-1.5.0.jar;C:\Users\RICA\.m2\repository\com\vaadin\external\google\android-json\0.0.20131108.vaadin1\android-json-0.0.20131108.vaadin1.jar;C:\Users\RICA\.m2\repository\org\springframework\spring-test\5.0.9.RELEASE\spring-test-5.0.9.RELEASE.jar;C:\Users\RICA\.m2\repository\org\xmlunit\xmlunit-core\2.5.1\xmlunit-core-2.5.1.jar;, user.name=RICA, java.vm.specification.version=1.8, sun.java.command=C:\Users\RICA\AppData\Local\Temp\surefire7737302177045402053\surefirebooter1892632720377827633.jar C:\Users\RICA\AppData\Local\Temp\surefire7737302177045402053 2019-02-03T17-06-14_225-jvmRun1 surefire5099620965815029932tmp surefire_04201616977925870771tmp, java.home=C:\Program Files\Java\jdk1.8.0_171\jre, sun.arch.data.model=64, user.language=en, java.specification.vendor=Oracle Corporation, awt.toolkit=sun.awt.windows.WToolkit, java.vm.info=mixed mode, java.version=1.8.0_171, java.ext.dirs=C:\Program Files\Java\jdk1.8.0_171\jre\lib\ext;C:\WINDOWS\Sun\Java\lib\ext, sun.boot.class.path=C:\Program Files\Java\jdk1.8.0_171\jre\lib\resources.jar;C:\Program Files\Java\jdk1.8.0_171\jre\lib\rt.jar;C:\Program Files\Java\jdk1.8.0_171\jre\lib\sunrsasign.jar;C:\Program Files\Java\jdk1.8.0_171\jre\lib\jsse.jar;C:\Program Files\Java\jdk1.8.0_171\jre\lib\jce.jar;C:\Program Files\Java\jdk1.8.0_171\jre\lib\charsets.jar;C:\Program Files\Java\jdk1.8.0_171\jre\lib\jfr.jar;C:\Program Files\Java\jdk1.8.0_171\jre\classes, java.vendor=Oracle Corporation, localRepository=C:\Users\RICA\.m2\repository, file.separator=\, java.vendor.url.bug=http://bugreport.sun.com/bugreport/, sun.io.unicode.encoding=UnicodeLittle, sun.cpu.endian=little, sun.desktop=windows, sun.cpu.isalist=amd64}}, SystemEnvironmentPropertySource@1546908073 {name='systemEnvironment', properties={PATH=C:\Program Files (x86)\Common Files\Oracle\Java\javapath;C:\Program Files (x86)\Common Files\Intel\Shared Files\cpp\bin\Intel64;C:\ProgramData\Oracle\Java\javapath;C:\WINDOWS\system32;C:\WINDOWS;C:\WINDOWS\System32\Wbem;C:\WINDOWS\System32\WindowsPowerShell\v1.0\;C:\Program Files\MATLAB\R2016b\runtime\win64;C:\Program Files\MATLAB\R2016b\bin;C:\Program Files\MATLAB\R2013b\runtime\win64;C:\Program Files\MATLAB\R2013b\bin;C:\Program Files\MATLAB\R2013b\polyspace\bin;C:\Users\RICA\.dnx\bin;C:\Program Files\Microsoft DNX\Dnvm\;C:\Program Files\Microsoft SQL Server\120\Tools\Binn\;C:\Program Files\Microsoft SQL Server\130\Tools\Binn\;c:\Program Files (x86)\Microsoft SQL Server\110\Tools\Binn\;c:\Program Files (x86)\Microsoft SQL Server\110\DTS\Binn\;c:\Program Files (x86)\Microsoft SQL Server\110\Tools\Binn\ManagementStudio\;C:\Program Files (x86)\Windows Kits\8.1\Windows Performance Toolkit\;C:\Program Files\MySQL\MySQL Utilities 1.6\;C:\Program Files\MATLAB\R2016b\polyspace\bin;C:\Program Files\nodejs\;C:\Program Files\apache-maven-3.2.5\bin;C:\WINDOWS\System32\OpenSSH\;C:\Program Files\Git\cmd;C:\Program Files\PuTTY\;C:\Users\RICA\scoop\shims;C:\Users\RICA\AppData\Local\Microsoft\WindowsApps;C:\Users\RICA\AppData\Roaming\npm;C:\Program Files\Microsoft VS Code\bin;C:\Program Files\heroku\bin;C:\Program Files\Docker Toolbox, USERDOMAIN_ROAMINGPROFILE=RAMO, PROCESSOR_LEVEL=6, SYSTEMDRIVE=C:, VS140COMNTOOLS=C:\Program Files (x86)\Microsoft Visual Studio 14.0\Common7\Tools\, ALLUSERSPROFILE=C:\ProgramData, PROCESSOR_ARCHITECTURE=AMD64, DRIVERDATA=C:\Windows\System32\Drivers\DriverData, MAVEN_HOME=C:\Program Files\apache-maven-3.2.5, PROGRAMFILES=C:\Program Files, PSMODULEPATH=C:\WINDOWS\system32\WindowsPowerShell\v1.0\Modules\;c:\Program Files (x86)\Microsoft SQL Server\110\Tools\PowerShell\Modules\, PROGRAMDATA=C:\ProgramData, USERNAME=RICA, ONEDRIVE=C:\Users\RICA\OneDrive, PATHEXT=.COM;.EXE;.BAT;.CMD;.VBS;.VBE;.JS;.JSE;.WSF;.WSH;.MSC, ONEDRIVECONSUMER=C:\Users\RICA\OneDrive, CLASSWORLDS_JAR="C:\Program Files\apache-maven-3.2.5\bin\..\boot\plexus-classworlds-2.5.2.jar", WINDIR=C:\WINDOWS, HOMEPATH=\Users\RICA, PROCESSOR_IDENTIFIER=Intel64 Family 6 Model 69 Stepping 1, GenuineIntel, M2_HOME=C:\Program Files\apache-maven-3.2.5\bin\.., MAVEN_JAVA_EXE="C:\Program Files\Java\jdk1.8.0_171\bin\java.exe", PUBLIC=C:\Users\Public, C_EM64T_REDIST11=C:\Program Files (x86)\Common Files\Intel\Shared Files\cpp\, LOCALAPPDATA=C:\Users\RICA\AppData\Local, COMMONPROGRAMFILES(X86)=C:\Program Files (x86)\Common Files, USERDOMAIN=RAMO, LOGONSERVER=\\RAMO, JAVA_HOME=C:\Program Files\Java\jdk1.8.0_171, PROMPT=$P$G, PROGRAMFILES(X86)=C:\Program Files (x86), ASL.LOG=Destination=file, ERROR_CODE=0, =C:=C:\Users\RICA\Documents\workspace-spring-tool-suite-4-4.0.0.RELEASE\testApp2, APPDATA=C:\Users\RICA\AppData\Roaming, PROGRAMW6432=C:\Program Files, SYSTEMROOT=C:\WINDOWS, MAVEN_CMD_LINE_ARGS=clean package, VBOX_MSI_INSTALL_PATH=C:\Program Files\Oracle\VirtualBox\, OS=Windows_NT, COMMONPROGRAMW6432=C:\Program Files\Common Files, COMPUTERNAME=RAMO, COMMONPROGRAMFILES=C:\Program Files\Common Files, COMSPEC=C:\WINDOWS\system32\cmd.exe, PROCESSOR_REVISION=4501, CLASSWORLDS_LAUNCHER=org.codehaus.plexus.classworlds.launcher.Launcher, TEMP=C:\Users\RICA\AppData\Local\Temp, HOMEDRIVE=C:, USERPROFILE=C:\Users\RICA, TMP=C:\Users\RICA\AppData\Local\Temp, MYSQLCONNECTOR_ASSEMBLIESPATH=C:\Program Files (x86)\MySQL\Connector.NET 6.9\Assemblies\v4.5, NUMBER_OF_PROCESSORS=4, DOCKER_TOOLBOX_INSTALL_PATH=C:\Program Files\Docker Toolbox, HOME=C:\Users\RICA}}]
17:06:17.018 [main] DEBUG org.springframework.test.context.support.TestPropertySourceUtils - Adding inlined properties to environment: {spring.jmx.enabled=false, org.springframework.boot.test.autoconfigure.web.servlet.WebMvcTestContextBootstrapper=true, server.port=-1}
17:06:17.018 [main] DEBUG org.springframework.core.env.StandardEnvironment - Adding PropertySource 'Inlined Test Properties' with highest search precedence

  .   ____          _            __ _ _
 /\\ / ___'_ __ _ _(_)_ __  __ _ \ \ \ \
( ( )\___ | '_ | '_| | '_ \/ _` | \ \ \ \
 \\/  ___)| |_)| | | | | || (_| |  ) ) ) )
  '  |____| .__|_| |_|_| |_\__, | / / / /
 =========|_|==============|___/=/_/_/_/
 :: Spring Boot ::        (v2.0.5.RELEASE)

2019-02-03 17:06:17.599  WARN 3892 --- [           main] ory$DuplicateJsonObjectContextCustomizer : 

Found multiple occurrences of org.json.JSONObject on the class path:

	jar:file:/C:/Users/RICA/.m2/repository/org/json/json/20180130/json-20180130.jar!/org/json/JSONObject.class
	jar:file:/C:/Users/RICA/.m2/repository/com/vaadin/external/google/android-json/0.0.20131108.vaadin1/android-json-0.0.20131108.vaadin1.jar!/org/json/JSONObject.class

You may wish to exclude one of them to ensure predictable runtime behavior

2019-02-03 17:06:17.634  INFO 3892 --- [           main] hello.ApplicationTest                    : Starting ApplicationTest on RAMO with PID 3892 (started by RICA in C:\Users\RICA\Documents\workspace-spring-tool-suite-4-4.0.0.RELEASE\testApp2)
2019-02-03 17:06:17.639  INFO 3892 --- [           main] hello.ApplicationTest                    : No active profile set, falling back to default profiles: default
2019-02-03 17:06:17.688  INFO 3892 --- [           main] o.s.w.c.s.GenericWebApplicationContext   : Refreshing org.springframework.web.context.support.GenericWebApplicationContext@69504ae9: startup date [Sun Feb 03 17:06:17 PST 2019]; root of context hierarchy
2019-02-03 17:06:19.756  INFO 3892 --- [           main] o.s.w.s.handler.SimpleUrlHandlerMapping  : Mapped URL path [/**/favicon.ico] onto handler of type [class org.springframework.web.servlet.resource.ResourceHttpRequestHandler]
2019-02-03 17:06:20.112  INFO 3892 --- [           main] s.w.s.m.m.a.RequestMappingHandlerAdapter : Looking for @ControllerAdvice: org.springframework.web.context.support.GenericWebApplicationContext@69504ae9: startup date [Sun Feb 03 17:06:17 PST 2019]; root of context hierarchy
2019-02-03 17:06:20.248  INFO 3892 --- [           main] s.w.s.m.m.a.RequestMappingHandlerMapping : Mapped "{[/deleteemp],methods=[GET]}" onto public java.lang.String hello.GreetingController.delete(javax.servlet.http.HttpServletRequest,org.springframework.ui.Model)
2019-02-03 17:06:20.250  INFO 3892 --- [           main] s.w.s.m.m.a.RequestMappingHandlerMapping : Mapped "{[/greeting],methods=[GET]}" onto public java.lang.String hello.GreetingController.greeting(java.lang.String,org.springframework.ui.Model)
[...]
		  </li>
		  <li class="nav-item">
		    <a class="nav-link" href="/viewlist">Customer list</a>
		  </li>
		  <li class="nav-item">
		    <a class="nav-link" href="/registrar">Diabetes</a>
		  </li>
		  
		  <li class="nav-item">
		    <a class="nav-link disabled" href="#">Disabled</a>
		  </li>
		</ul>
    	</div>
    
    
    <div class="accordion" id="accordionExample">
  <div class="card">
    <div class="card-header" id="headingOne">
      <h5 class="mb-0">
        <button class="btn btn-link" type="button" data-toggle="collapse" data-target="#collapseOne" aria-expanded="true" aria-controls="collapseOne">
          Collapsible Group Item #1
        </button>
      </h5>
    </div>

    <div id="collapseOne" class="collapse show" aria-labelledby="headingOne" data-parent="#accordionExample">
      <div class="card-body">
        Anim pariatur cliche reprehenderit, enim eiusmod high life accusamus terry richardson ad squid. 3 wolf moon officia aute, non cupidatat skateboard dolor brunch. Food truck quinoa nesciunt laborum eiusmod. Brunch 3 wolf moon tempor, sunt aliqua put a bird on it squid single-origin coffee nulla assumenda shoreditch et. Nihil anim keffiyeh helvetica, craft beer labore wes anderson cred nesciunt sapiente ea proident. Ad vegan excepteur butcher vice lomo. Leggings occaecat craft beer farm-to-table, raw denim aesthetic synth nesciunt you probably haven't heard of them accusamus labore sustainable VHS.
      </div>
    </div>
  </div>
  <div class="card">
    <div class="card-header" id="headingTwo">
      <h5 class="mb-0">
        <button class="btn btn-link collapsed" type="button" data-toggle="collapse" data-target="#collapseTwo" aria-expanded="false" aria-controls="collapseTwo">
          Collapsible Group Item #2
        </button>
      </h5>
    </div>
    <div id="collapseTwo" class="collapse" aria-labelledby="headingTwo" data-parent="#accordionExample">
      <div class="card-body">
        Anim pariatur cliche reprehenderit, enim eiusmod high life accusamus terry richardson ad squid. 3 wolf moon officia aute, non cupidatat skateboard dolor brunch. Food truck quinoa nesciunt laborum eiusmod. Brunch 3 wolf moon tempor, sunt aliqua put a bird on it squid single-origin coffee nulla assumenda shoreditch et. Nihil anim keffiyeh helvetica, craft beer labore wes anderson cred nesciunt sapiente ea proident. Ad vegan excepteur butcher vice lomo. Leggings occaecat craft beer farm-to-table, raw denim aesthetic synth nesciunt you probably haven't heard of them accusamus labore sustainable VHS.
      </div>
    </div>
  </div>
  <div class="card">
    <div class="card-header" id="headingThree">
      <h5 class="mb-0">
        <button class="btn btn-link collapsed" type="button" data-toggle="collapse" data-target="#collapseThree" aria-expanded="false" aria-controls="collapseThree">
          Collapsible Group Item #3
        </button>
      </h5>
    </div>
    <div id="collapseThree" class="collapse" aria-labelledby="headingThree" data-parent="#accordionExample">
      <div class="card-body">
        Anim pariatur cliche reprehenderit, enim eiusmod high life accusamus terry richardson ad squid. 3 wolf moon officia aute, non cupidatat skateboard dolor brunch. Food truck quinoa nesciunt laborum eiusmod. Brunch 3 wolf moon tempor, sunt aliqua put a bird on it squid single-origin coffee nulla assumenda shoreditch et. Nihil anim keffiyeh helvetica, craft beer labore wes anderson cred nesciunt sapiente ea proident. Ad vegan excepteur butcher vice lomo. Leggings occaecat craft beer farm-to-table, raw denim aesthetic synth nesciunt you probably haven't heard of them accusamus labore sustainable VHS.
      </div>
    </div>
  </div>
</div>	

<!-- Footer -->
<footer class="page-footer font-small teal pt-4">

    <!-- Footer Text -->
    <div class="container-fluid text-center text-md-left">

      <!-- Grid row -->
      <div class="row">

        <!-- Grid column -->
        <div class="col-md-6 mt-md-0 mt-3">

          <!-- Content -->
          <h5 class="text-uppercase font-weight-bold">Footer text 1</h5>
          <p>Lorem ipsum dolor sit, amet consectetur adipisicing elit. Expedita sapiente sint, nulla, nihil repudiandae commodi voluptatibus corrupti animi sequi aliquid magnam debitis, maxime quam recusandae harum esse fugiat. Itaque, culpa?</p>

        </div>
        <!-- Grid column -->

        <hr class="clearfix w-100 d-md-none pb-3">

        <!-- Grid column -->
        <div class="col-md-6 mb-md-0 mb-3">

          <!-- Content -->
          <h5 class="text-uppercase font-weight-bold">Footer text 2</h5>
          <p>Lorem ipsum, dolor sit amet consectetur adipisicing elit. Optio deserunt fuga perferendis modi earum commodi aperiam temporibus quod nulla nesciunt aliquid debitis ullam omnis quos ipsam, aspernatur id excepturi hic.</p>

        </div>
        <!-- Grid column -->

      </div>
      <!-- Grid row -->

    </div>
    <!-- Footer Text -->

    <!-- Copyright -->
    <div class="footer-copyright text-center py-3">Â© 2018 Copyright:
      <a href="https://mdbootstrap.com/bootstrap-tutorial/"> MDBootstrap.com</a>
    </div>
    <!-- Copyright -->

  </footer>
  <!-- Footer -->



    </div>
	<script src="/js/jQuery-3.3.1/jquery-3.3.1.min.js"></script>
	<script src="/bootstrap-4.1.3/bootstrap-4.1.3/dist/js/bootstrap.min.js"></script>
</body>
</html>

    Forwarded URL = null
   Redirected URL = null
          Cookies = []

MockHttpServletRequest:
      HTTP Method = GET
      Request URI = /greeting
       Parameters = {name=[Greg]}
          Headers = {}
             Body = <no character encoding set>
    Session Attrs = {}

Handler:
             Type = hello.GreetingController
           Method = public java.lang.String hello.GreetingController.greeting(java.lang.String,org.springframework.ui.Model)

Async:
    Async started = false
     Async result = null

Resolved Exception:
             Type = null

ModelAndView:
        View name = greeting
             View = null
        Attribute = name
            value = Greg
        Attribute = usuario
            value = hello.clases.Usuario@4f6b687e
           errors = []

FlashMap:
       Attributes = null

MockHttpServletResponse:
           Status = 200
    Error message = null
          Headers = {Content-Language=[en], Content-Type=[text/html;charset=UTF-8]}
     Content type = text/html;charset=UTF-8
             Body = <!DOCTYPE HTML>
<html>
<head> 
    <title>Getting Started: Serving Web Content</title> 
    <meta http-equiv="Content-Type" content="text/html; charset=UTF-8" />
    <link href= "/bootstrap-4.1.3/bootstrap-4.1.3/dist/css/bootstrap.min.css" rel="stylesheet">
</head>
<body>

<div class="container" >
	<div class="jumbotron">
		<h1>Thanks for register with us!</h1>
	</div>
	
    <p >Hello user , null!</p>
    <p >Password , null</p>
    <p >sexo , &amp#0;</p>
    <p >edad , 0</p>
    <p >Fecha de diagnostico , null</p>
     <p >ubicacion , null</p>
     
    <p>
		<a class="btn btn-primary" href="/menu">Enter</a>
	</p>
     
     
 </div>   
</body>
</html>

    Forwarded URL = null
   Redirected URL = null
          Cookies = []
]]></system-out>
  </testcase>
  <testcase name="greeting" classname="hello.ApplicationTest" time="0.082">
    <failure message="Response content&#10;Expected: a string containing &quot;Hello, World!&quot;&#10;     but: was &quot;&lt;!DOCTYPE HTML&gt;&#10;&lt;html&gt;&#10;&lt;head&gt; &#10;    &lt;title&gt;Getting Started: Serving Web Content&lt;/title&gt; &#10;    &lt;meta http-equiv=&quot;Content-Type&quot; content=&quot;text/html; charset=UTF-8&quot; /&gt;&#10;    &lt;link href= &quot;/bootstrap-4.1.3/bootstrap-4.1.3/dist/css/bootstrap.min.css&quot; rel=&quot;stylesheet&quot;&gt;&#10;&lt;/head&gt;&#10;&lt;body&gt;&#10;&#10;&lt;div class=&quot;container&quot; &gt;&#10;	&lt;div class=&quot;jumbotron&quot;&gt;&#10;		&lt;h1&gt;Thanks for register with us!&lt;/h1&gt;&#10;	&lt;/div&gt;&#10;	&#10;    &lt;p &gt;Hello user , null!&lt;/p&gt;&#10;    &lt;p &gt;Password , null&lt;/p&gt;&#10;    &lt;p &gt;sexo , &amp;#0;&lt;/p&gt;&#10;    &lt;p &gt;edad , 0&lt;/p&gt;&#10;    &lt;p &gt;Fecha de diagnostico , null&lt;/p&gt;&#10;     &lt;p &gt;ubicacion , null&lt;/p&gt;&#10;     &#10;    &lt;p&gt;&#10;		&lt;a class=&quot;btn btn-primary&quot; href=&quot;/menu&quot;&gt;Enter&lt;/a&gt;&#10;	&lt;/p&gt;&#10;     &#10;     &#10; &lt;/div&gt;   &#10;&lt;/body&gt;&#10;&lt;/html&gt;&#10;&quot;" type="java.lang.AssertionError"><![CDATA[java.lang.AssertionError: 
Response content
Expected: a string containing "Hello, World!"
     but: was "<!DOCTYPE HTML>
<html>
<head> 
    <title>Getting Started: Serving Web Content</title> 
    <meta http-equiv="Content-Type" content="text/html; charset=UTF-8" />
    <link href= "/bootstrap-4.1.3/bootstrap-4.1.3/dist/css/bootstrap.min.css" rel="stylesheet">
</head>
<body>

<div class="container" >
	<div class="jumbotron">
		<h1>Thanks for register with us!</h1>
	</div>
	
    <p >Hello user , null!</p>
    <p >Password , null</p>
    <p >sexo , &amp#0;</p>
    <p >edad , 0</p>
    <p >Fecha de diagnostico , null</p>
     <p >ubicacion , null</p>
     
    <p>
		<a class="btn btn-primary" href="/menu">Enter</a>
	</p>
     
     
 </div>   
</body>
</html>
"
	at hello.ApplicationTest.greeting(ApplicationTest.java:47)
]]></failure>
    <system-out><![CDATA[
MockHttpServletRequest:
      HTTP Method = GET
      Request URI = /index.html
       Parameters = {}
          Headers = {}
             Body = <no character encoding set>
    Session Attrs = {}

Handler:
             Type = org.springframework.web.servlet.resource.ResourceHttpRequestHandler

Async:
    Async started = false
     Async result = null

Resolved Exception:
             Type = null

ModelAndView:
        View name = null
             View = null
            Model = null

FlashMap:
       Attributes = null

MockHttpServletResponse:
           Status = 200
    Error message = null
          Headers = {Last-Modified=[Mon, 04 Feb 2019 01:06:09 GMT], Content-Length=[6107], Content-Type=[text/html], Accept-Ranges=[bytes]}
     Content type = text/html
             Body = <!DOCTYPE HTML>
<html xmlns:th="http://www.thymeleaf.org">
<!-- https://getbootstrap.com/docs/4.1/components/list-group/ -->
<head> 
    <title>Customers Management</title>      
     <meta charset="utf-8">
  	 <meta name="viewport" content="width=device-width, initial-scale=1">
  	 <link href= "/bootstrap-4.1.3/bootstrap-4.1.3/dist/css/bootstrap.min.css" rel="stylesheet">
</head>
<body>
    
    <div class="container">
    	<div class="jumbotron">
    		<h1>Customer Management</h1>
    	</div>
    	<div>
    	<ul class="nav justify-content-end">
		  <li class="nav-item">
		    <a class="nav-link active" href="/">Home</a>
		  </li>
		  <li class="nav-item">
		    <a class="nav-link" href="/empform">Add customer</a>
		  </li>
		  <li class="nav-item">
		    <a class="nav-link" href="/viewlist">Customer list</a>
		  </li>
		  <li class="nav-item">
		    <a class="nav-link" href="/registrar">Diabetes</a>
		  </li>
		  
		  <li class="nav-item">
		    <a class="nav-link disabled" href="#">Disabled</a>
		  </li>
		</ul>
    	</div>
    
    
    <div class="accordion" id="accordionExample">
  <div class="card">
    <div class="card-header" id="headingOne">
      <h5 class="mb-0">
        <button class="btn btn-link" type="button" data-toggle="collapse" data-target="#collapseOne" aria-expanded="true" aria-controls="collapseOne">
          Collapsible Group Item #1
        </button>
      </h5>
    </div>

    <div id="collapseOne" class="collapse show" aria-labelledby="headingOne" data-parent="#accordionExample">
      <div class="card-body">
        Anim pariatur cliche reprehenderit, enim eiusmod high life accusamus terry richardson ad squid. 3 wolf moon officia aute, non cupidatat skateboard dolor brunch. Food truck quinoa nesciunt laborum eiusmod. Brunch 3 wolf moon tempor, sunt aliqua put a bird on it squid single-origin coffee nulla assumenda shoreditch et. Nihil anim keffiyeh helvetica, craft beer labore wes anderson cred nesciunt sapiente ea proident. Ad vegan excepteur butcher vice lomo. Leggings occaecat craft beer farm-to-table, raw denim aesthetic synth nesciunt you probably haven't heard of them accusamus labore sustainable VHS.
      </div>
    </div>
  </div>
  <div class="card">
    <div class="card-header" id="headingTwo">
      <h5 class="mb-0">
        <button class="btn btn-link collapsed" type="button" data-toggle="collapse" data-target="#collapseTwo" aria-expanded="false" aria-controls="collapseTwo">
          Collapsible Group Item #2
        </button>
      </h5>
    </div>
    <div id="collapseTwo" class="collapse" aria-labelledby="headingTwo" data-parent="#accordionExample">
      <div class="card-body">
        Anim pariatur cliche reprehenderit, enim eiusmod high life accusamus terry richardson ad squid. 3 wolf moon officia aute, non cupidatat skateboard dolor brunch. Food truck quinoa nesciunt laborum eiusmod. Brunch 3 wolf moon tempor, sunt aliqua put a bird on it squid single-origin coffee nulla assumenda shoreditch et. Nihil anim keffiyeh helvetica, craft beer labore wes anderson cred nesciunt sapiente ea proident. Ad vegan excepteur butcher vice lomo. Leggings occaecat craft beer farm-to-table, raw denim aesthetic synth nesciunt you probably haven't heard of them accusamus labore sustainable VHS.
      </div>
    </div>
  </div>
  <div class="card">
    <div class="card-header" id="headingThree">
      <h5 class="mb-0">
        <button class="btn btn-link collapsed" type="button" data-toggle="collapse" data-target="#collapseThree" aria-expanded="false" aria-controls="collapseThree">
          Collapsible Group Item #3
        </button>
      </h5>
    </div>
    <div id="collapseThree" class="collapse" aria-labelledby="headingThree" data-parent="#accordionExample">
      <div class="card-body">
        Anim pariatur cliche reprehenderit, enim eiusmod high life accusamus terry richardson ad squid. 3 wolf moon officia aute, non cupidatat skateboard dolor brunch. Food truck quinoa nesciunt laborum eiusmod. Brunch 3 wolf moon tempor, sunt aliqua put a bird on it squid single-origin coffee nulla assumenda shoreditch et. Nihil anim keffiyeh helvetica, craft beer labore wes anderson cred nesciunt sapiente ea proident. Ad vegan excepteur butcher vice lomo. Leggings occaecat craft beer farm-to-table, raw denim aesthetic synth nesciunt you probably haven't heard of them accusamus labore sustainable VHS.
      </div>
    </div>
  </div>
</div>	

<!-- Footer -->
<footer class="page-footer font-small teal pt-4">

    <!-- Footer Text -->
    <div class="container-fluid text-center text-md-left">

      <!-- Grid row -->
      <div class="row">

        <!-- Grid column -->
        <div class="col-md-6 mt-md-0 mt-3">

          <!-- Content -->
          <h5 class="text-uppercase font-weight-bold">Footer text 1</h5>
          <p>Lorem ipsum dolor sit, amet consectetur adipisicing elit. Expedita sapiente sint, nulla, nihil repudiandae commodi voluptatibus corrupti animi sequi aliquid magnam debitis, maxime quam recusandae harum esse fugiat. Itaque, culpa?</p>

        </div>
        <!-- Grid column -->

        <hr class="clearfix w-100 d-md-none pb-3">

        <!-- Grid column -->
        <div class="col-md-6 mb-md-0 mb-3">

          <!-- Content -->
          <h5 class="text-uppercase font-weight-bold">Footer text 2</h5>
          <p>Lorem ipsum, dolor sit amet consectetur adipisicing elit. Optio deserunt fuga perferendis modi earum commodi aperiam temporibus quod nulla nesciunt aliquid debitis ullam omnis quos ipsam, aspernatur id excepturi hic.</p>

        </div>
        <!-- Grid column -->

      </div>
      <!-- Grid row -->

    </div>
    <!-- Footer Text -->

    <!-- Copyright -->
    <div class="footer-copyright text-center py-3">Â© 2018 Copyright:
      <a href="https://mdbootstrap.com/bootstrap-tutorial/"> MDBootstrap.com</a>
    </div>
    <!-- Copyright -->

  </footer>
  <!-- Footer -->



    </div>
	<script src="/js/jQuery-3.3.1/jquery-3.3.1.min.js"></script>
	<script src="/bootstrap-4.1.3/bootstrap-4.1.3/dist/js/bootstrap.min.js"></script>
</body>
</html>

    Forwarded URL = null
   Redirected URL = null
          Cookies = []

MockHttpServletRequest:
      HTTP Method = GET
      Request URI = /greeting
       Parameters = {name=[Greg]}
          Headers = {}
             Body = <no character encoding set>
    Session Attrs = {}

Handler:
             Type = hello.GreetingController
           Method = public java.lang.String hello.GreetingController.greeting(java.lang.String,org.springframework.ui.Model)

Async:
    Async started = false
     Async result = null

Resolved Exception:
             Type = null

ModelAndView:
        View name = greeting
             View = null
        Attribute = name
            value = Greg
        Attribute = usuario
            value = hello.clases.Usuario@4f6b687e
           errors = []

FlashMap:
       Attributes = null

MockHttpServletResponse:
           Status = 200
    Error message = null
          Headers = {Content-Language=[en], Content-Type=[text/html;charset=UTF-8]}
     Content type = text/html;charset=UTF-8
             Body = <!DOCTYPE HTML>
<html>
<head> 
    <title>Getting Started: Serving Web Content</title> 
    <meta http-equiv="Content-Type" content="text/html; charset=UTF-8" />
    <link href= "/bootstrap-4.1.3/bootstrap-4.1.3/dist/css/bootstrap.min.css" rel="stylesheet">
</head>
<body>

<div class="container" >
	<div class="jumbotron">
		<h1>Thanks for register with us!</h1>
	</div>
	
    <p >Hello user , null!</p>
    <p >Password , null</p>
    <p >sexo , &amp#0;</p>
    <p >edad , 0</p>
    <p >Fecha de diagnostico , null</p>
     <p >ubicacion , null</p>
     
    <p>
		<a class="btn btn-primary" href="/menu">Enter</a>
	</p>
     
     
 </div>   
</body>
</html>

    Forwarded URL = null
   Redirected URL = null
          Cookies = []

MockHttpServletRequest:
      HTTP Method = GET
      Request URI = /greeting
       Parameters = {}
          Headers = {}
             Body = <no character encoding set>
    Session Attrs = {}

Handler:
             Type = hello.GreetingController
           Method = public java.lang.String hello.GreetingController.greeting(java.lang.String,org.springframework.ui.Model)

Async:
    Async started = false
     Async result = null

Resolved Exception:
             Type = null

ModelAndView:
        View name = greeting
             View = null
        Attribute = name
            value = World
        Attribute = usuario
            value = hello.clases.Usuario@28cb3a25
           errors = []

FlashMap:
       Attributes = null

MockHttpServletResponse:
           Status = 200
    Error message = null
          Headers = {Content-Language=[en], Content-Type=[text/html;charset=UTF-8]}
     Content type = text/html;charset=UTF-8
             Body = <!DOCTYPE HTML>
<html>
<head> 
    <title>Getting Started: Serving Web Content</title> 
    <meta http-equiv="Content-Type" content="text/html; charset=UTF-8" />
    <link href= "/bootstrap-4.1.3/bootstrap-4.1.3/dist/css/bootstrap.min.css" rel="stylesheet">
</head>
<body>

<div class="container" >
	<div class="jumbotron">
		<h1>Thanks for register with us!</h1>
	</div>
	
    <p >Hello user , null!</p>
    <p >Password , null</p>
    <p >sexo , &amp#0;</p>
    <p >edad , 0</p>
    <p >Fecha de diagnostico , null</p>
     <p >ubicacion , null</p>
     
    <p>
		<a class="btn btn-primary" href="/menu">Enter</a>
	</p>
     
     
 </div>   
</body>
</html>

    Forwarded URL = null
   Redirected URL = null
          Cookies = []
]]></system-out>
  </testcase>
</testsuite>